[06-23 09:04:58]: [INFO] Created column 'regdate' and set the current timestamp, 1655967898910, to all 0 rows
[06-23 09:04:59]: [INFO] SQLite Setup finished
[06-23 09:04:59]: [INFO] Hooked into LuckPerms!
[06-23 09:04:59]: [INFO] Hooked successfully into Multiverse-Core
[06-23 09:04:59]: [INFO] AuthMe 5.6.0-beta2 build n.2453 successfully enabled!
[06-23 09:05:06]: [INFO] Downloading GEO IP database, because the old database is older than 30 days or doesn't exist
[06-23 09:05:06]: [WARN] No MaxMind credentials found in the configuration file! GeoIp protections will be disabled.
[06-23 09:05:06]: [INFO] There is no newer GEO IP database uploaded to MaxMind. Using the old one for now.
[06-23 09:05:06]: [WARN] Could not download GeoLiteAPI database [FileNotFoundException]: plugins/AuthMe/GeoLite2-Country.mmdb (No such file or directory)
[06-23 09:05:06]: java.io.FileNotFoundException: plugins/AuthMe/GeoLite2-Country.mmdb (No such file or directory)
	at java.base/java.io.RandomAccessFile.open0(Native Method)
	at java.base/java.io.RandomAccessFile.open(RandomAccessFile.java:343)
	at java.base/java.io.RandomAccessFile.<init>(RandomAccessFile.java:258)
	at java.base/java.io.RandomAccessFile.<init>(RandomAccessFile.java:213)
	at fr.xephi.authme.libs.com.maxmind.db.BufferHolder.<init>(BufferHolder.java:20)
	at fr.xephi.authme.libs.com.maxmind.db.Reader.<init>(Reader.java:121)
	at fr.xephi.authme.service.GeoIpService.startReading(GeoIpService.java:173)
	at fr.xephi.authme.service.GeoIpService.updateDatabase(GeoIpService.java:144)
	at org.bukkit.craftbukkit.v1_16_R3.scheduler.CraftTask.run(CraftTask.java:100)
	at org.bukkit.craftbukkit.v1_16_R3.scheduler.CraftAsyncTask.run(CraftAsyncTask.java:58)
	at com.destroystokyo.paper.ServerSchedulerReportingWrapper.run(ServerSchedulerReportingWrapper.java:22)
	at java.base/java.util.concurrent.ThreadPoolExecutor.runWorker(ThreadPoolExecutor.java:1130)
	at java.base/java.util.concurrent.ThreadPoolExecutor$Worker.run(ThreadPoolExecutor.java:630)
	at java.base/java.lang.Thread.run(Thread.java:831)

[06-23 09:39:20]: [INFO] AuthMe 5.6.0-beta2-b2453 disabled!
[06-23 09:40:10]: [INFO] SQLite Setup finished
[06-23 09:40:10]: [INFO] Hooked into LuckPerms!
[06-23 09:40:10]: [INFO] Hooked successfully into Multiverse-Core
[06-23 09:40:10]: [INFO] AuthMe 5.6.0-beta2 build n.2453 successfully enabled!
[06-23 09:40:14]: [INFO] Downloading GEO IP database, because the old database is older than 30 days or doesn't exist
[06-23 09:40:14]: [WARN] No MaxMind credentials found in the configuration file! GeoIp protections will be disabled.
[06-23 09:40:14]: [INFO] There is no newer GEO IP database uploaded to MaxMind. Using the old one for now.
[06-23 09:40:14]: [WARN] Could not download GeoLiteAPI database [FileNotFoundException]: plugins/AuthMe/GeoLite2-Country.mmdb (No such file or directory)
[06-23 09:40:14]: java.io.FileNotFoundException: plugins/AuthMe/GeoLite2-Country.mmdb (No such file or directory)
	at java.base/java.io.RandomAccessFile.open0(Native Method)
	at java.base/java.io.RandomAccessFile.open(RandomAccessFile.java:343)
	at java.base/java.io.RandomAccessFile.<init>(RandomAccessFile.java:258)
	at java.base/java.io.RandomAccessFile.<init>(RandomAccessFile.java:213)
	at fr.xephi.authme.libs.com.maxmind.db.BufferHolder.<init>(BufferHolder.java:20)
	at fr.xephi.authme.libs.com.maxmind.db.Reader.<init>(Reader.java:121)
	at fr.xephi.authme.service.GeoIpService.startReading(GeoIpService.java:173)
	at fr.xephi.authme.service.GeoIpService.updateDatabase(GeoIpService.java:144)
	at org.bukkit.craftbukkit.v1_16_R3.scheduler.CraftTask.run(CraftTask.java:100)
	at org.bukkit.craftbukkit.v1_16_R3.scheduler.CraftAsyncTask.run(CraftAsyncTask.java:58)
	at com.destroystokyo.paper.ServerSchedulerReportingWrapper.run(ServerSchedulerReportingWrapper.java:22)
	at java.base/java.util.concurrent.ThreadPoolExecutor.runWorker(ThreadPoolExecutor.java:1130)
	at java.base/java.util.concurrent.ThreadPoolExecutor$Worker.run(ThreadPoolExecutor.java:630)
	at java.base/java.lang.Thread.run(Thread.java:831)

[06-23 10:24:22]: [FINE] TheStepashich registered 5.166.120.60
[06-23 10:24:22]: [FINE] TheStepashich logged in 5.166.120.60
[06-23 10:48:33]: [FINE] TheStepashich logged in 5.166.120.60
[06-23 10:58:13]: [FINE] TheStepashich logged in 5.166.120.60
[06-23 11:04:33]: [INFO] AuthMe 5.6.0-beta2-b2453 disabled!
[06-23 11:05:24]: [INFO] SQLite Setup finished
[06-23 11:05:24]: [INFO] Hooked into LuckPerms!
[06-23 11:05:24]: [INFO] Hooked successfully into Multiverse-Core
[06-23 11:05:25]: [INFO] AuthMe 5.6.0-beta2 build n.2453 successfully enabled!
[06-23 11:05:29]: [INFO] Downloading GEO IP database, because the old database is older than 30 days or doesn't exist
[06-23 11:05:29]: [WARN] No MaxMind credentials found in the configuration file! GeoIp protections will be disabled.
[06-23 11:05:29]: [INFO] There is no newer GEO IP database uploaded to MaxMind. Using the old one for now.
[06-23 11:05:29]: [WARN] Could not download GeoLiteAPI database [FileNotFoundException]: plugins/AuthMe/GeoLite2-Country.mmdb (No such file or directory)
[06-23 11:05:29]: java.io.FileNotFoundException: plugins/AuthMe/GeoLite2-Country.mmdb (No such file or directory)
	at java.base/java.io.RandomAccessFile.open0(Native Method)
	at java.base/java.io.RandomAccessFile.open(RandomAccessFile.java:343)
	at java.base/java.io.RandomAccessFile.<init>(RandomAccessFile.java:258)
	at java.base/java.io.RandomAccessFile.<init>(RandomAccessFile.java:213)
	at fr.xephi.authme.libs.com.maxmind.db.BufferHolder.<init>(BufferHolder.java:20)
	at fr.xephi.authme.libs.com.maxmind.db.Reader.<init>(Reader.java:121)
	at fr.xephi.authme.service.GeoIpService.startReading(GeoIpService.java:173)
	at fr.xephi.authme.service.GeoIpService.updateDatabase(GeoIpService.java:144)
	at org.bukkit.craftbukkit.v1_16_R3.scheduler.CraftTask.run(CraftTask.java:100)
	at org.bukkit.craftbukkit.v1_16_R3.scheduler.CraftAsyncTask.run(CraftAsyncTask.java:58)
	at com.destroystokyo.paper.ServerSchedulerReportingWrapper.run(ServerSchedulerReportingWrapper.java:22)
	at java.base/java.util.concurrent.ThreadPoolExecutor.runWorker(ThreadPoolExecutor.java:1130)
	at java.base/java.util.concurrent.ThreadPoolExecutor$Worker.run(ThreadPoolExecutor.java:630)
	at java.base/java.lang.Thread.run(Thread.java:831)

[06-23 11:05:39]: [FINE] TheStepashich logged in 5.166.120.60
[06-23 11:08:01]: [INFO] AuthMe 5.6.0-beta2-b2453 disabled!
[06-23 11:08:50]: [INFO] SQLite Setup finished
[06-23 11:08:50]: [INFO] Hooked into LuckPerms!
[06-23 11:08:50]: [INFO] Hooked successfully into Multiverse-Core
[06-23 11:08:51]: [INFO] AuthMe 5.6.0-beta2 build n.2453 successfully enabled!
[06-23 11:08:55]: [INFO] Downloading GEO IP database, because the old database is older than 30 days or doesn't exist
[06-23 11:08:55]: [WARN] No MaxMind credentials found in the configuration file! GeoIp protections will be disabled.
[06-23 11:08:55]: [INFO] There is no newer GEO IP database uploaded to MaxMind. Using the old one for now.
[06-23 11:08:55]: [WARN] Could not download GeoLiteAPI database [FileNotFoundException]: plugins/AuthMe/GeoLite2-Country.mmdb (No such file or directory)
[06-23 11:08:55]: java.io.FileNotFoundException: plugins/AuthMe/GeoLite2-Country.mmdb (No such file or directory)
	at java.base/java.io.RandomAccessFile.open0(Native Method)
	at java.base/java.io.RandomAccessFile.open(RandomAccessFile.java:343)
	at java.base/java.io.RandomAccessFile.<init>(RandomAccessFile.java:258)
	at java.base/java.io.RandomAccessFile.<init>(RandomAccessFile.java:213)
	at fr.xephi.authme.libs.com.maxmind.db.BufferHolder.<init>(BufferHolder.java:20)
	at fr.xephi.authme.libs.com.maxmind.db.Reader.<init>(Reader.java:121)
	at fr.xephi.authme.service.GeoIpService.startReading(GeoIpService.java:173)
	at fr.xephi.authme.service.GeoIpService.updateDatabase(GeoIpService.java:144)
	at org.bukkit.craftbukkit.v1_16_R3.scheduler.CraftTask.run(CraftTask.java:100)
	at org.bukkit.craftbukkit.v1_16_R3.scheduler.CraftAsyncTask.run(CraftAsyncTask.java:58)
	at com.destroystokyo.paper.ServerSchedulerReportingWrapper.run(ServerSchedulerReportingWrapper.java:22)
	at java.base/java.util.concurrent.ThreadPoolExecutor.runWorker(ThreadPoolExecutor.java:1130)
	at java.base/java.util.concurrent.ThreadPoolExecutor$Worker.run(ThreadPoolExecutor.java:630)
	at java.base/java.lang.Thread.run(Thread.java:831)

[06-23 11:09:30]: [FINE] TheStepashich logged in 5.166.120.60
[06-23 11:18:05]: [INFO] AuthMe 5.6.0-beta2-b2453 disabled!
[06-23 11:18:58]: [INFO] SQLite Setup finished
[06-23 11:18:58]: [INFO] Hooked into LuckPerms!
[06-23 11:18:58]: [INFO] Hooked successfully into Multiverse-Core
[06-23 11:18:58]: [INFO] AuthMe 5.6.0-beta2 build n.2453 successfully enabled!
[06-23 11:19:03]: [INFO] Downloading GEO IP database, because the old database is older than 30 days or doesn't exist
[06-23 11:19:03]: [WARN] No MaxMind credentials found in the configuration file! GeoIp protections will be disabled.
[06-23 11:19:03]: [INFO] There is no newer GEO IP database uploaded to MaxMind. Using the old one for now.
[06-23 11:19:03]: [WARN] Could not download GeoLiteAPI database [FileNotFoundException]: plugins/AuthMe/GeoLite2-Country.mmdb (No such file or directory)
[06-23 11:19:03]: java.io.FileNotFoundException: plugins/AuthMe/GeoLite2-Country.mmdb (No such file or directory)
	at java.base/java.io.RandomAccessFile.open0(Native Method)
	at java.base/java.io.RandomAccessFile.open(RandomAccessFile.java:343)
	at java.base/java.io.RandomAccessFile.<init>(RandomAccessFile.java:258)
	at java.base/java.io.RandomAccessFile.<init>(RandomAccessFile.java:213)
	at fr.xephi.authme.libs.com.maxmind.db.BufferHolder.<init>(BufferHolder.java:20)
	at fr.xephi.authme.libs.com.maxmind.db.Reader.<init>(Reader.java:121)
	at fr.xephi.authme.service.GeoIpService.startReading(GeoIpService.java:173)
	at fr.xephi.authme.service.GeoIpService.updateDatabase(GeoIpService.java:144)
	at org.bukkit.craftbukkit.v1_16_R3.scheduler.CraftTask.run(CraftTask.java:100)
	at org.bukkit.craftbukkit.v1_16_R3.scheduler.CraftAsyncTask.run(CraftAsyncTask.java:58)
	at com.destroystokyo.paper.ServerSchedulerReportingWrapper.run(ServerSchedulerReportingWrapper.java:22)
	at java.base/java.util.concurrent.ThreadPoolExecutor.runWorker(ThreadPoolExecutor.java:1130)
	at java.base/java.util.concurrent.ThreadPoolExecutor$Worker.run(ThreadPoolExecutor.java:630)
	at java.base/java.lang.Thread.run(Thread.java:831)

[06-23 11:19:29]: [FINE] TheStepashich logged in 5.166.120.60
[06-23 11:23:36]: [INFO] AuthMe 5.6.0-beta2-b2453 disabled!
[06-23 11:24:28]: [INFO] SQLite Setup finished
[06-23 11:24:28]: [INFO] Hooked into LuckPerms!
[06-23 11:24:28]: [INFO] Hooked successfully into Multiverse-Core
[06-23 11:24:28]: [INFO] AuthMe 5.6.0-beta2 build n.2453 successfully enabled!
[06-23 11:24:33]: [INFO] Downloading GEO IP database, because the old database is older than 30 days or doesn't exist
[06-23 11:24:33]: [WARN] No MaxMind credentials found in the configuration file! GeoIp protections will be disabled.
[06-23 11:24:33]: [INFO] There is no newer GEO IP database uploaded to MaxMind. Using the old one for now.
[06-23 11:24:33]: [WARN] Could not download GeoLiteAPI database [FileNotFoundException]: plugins/AuthMe/GeoLite2-Country.mmdb (No such file or directory)
[06-23 11:24:33]: java.io.FileNotFoundException: plugins/AuthMe/GeoLite2-Country.mmdb (No such file or directory)
	at java.base/java.io.RandomAccessFile.open0(Native Method)
	at java.base/java.io.RandomAccessFile.open(RandomAccessFile.java:343)
	at java.base/java.io.RandomAccessFile.<init>(RandomAccessFile.java:258)
	at java.base/java.io.RandomAccessFile.<init>(RandomAccessFile.java:213)
	at fr.xephi.authme.libs.com.maxmind.db.BufferHolder.<init>(BufferHolder.java:20)
	at fr.xephi.authme.libs.com.maxmind.db.Reader.<init>(Reader.java:121)
	at fr.xephi.authme.service.GeoIpService.startReading(GeoIpService.java:173)
	at fr.xephi.authme.service.GeoIpService.updateDatabase(GeoIpService.java:144)
	at org.bukkit.craftbukkit.v1_16_R3.scheduler.CraftTask.run(CraftTask.java:100)
	at org.bukkit.craftbukkit.v1_16_R3.scheduler.CraftAsyncTask.run(CraftAsyncTask.java:58)
	at com.destroystokyo.paper.ServerSchedulerReportingWrapper.run(ServerSchedulerReportingWrapper.java:22)
	at java.base/java.util.concurrent.ThreadPoolExecutor.runWorker(ThreadPoolExecutor.java:1130)
	at java.base/java.util.concurrent.ThreadPoolExecutor$Worker.run(ThreadPoolExecutor.java:630)
	at java.base/java.lang.Thread.run(Thread.java:831)

[06-23 11:25:22]: [FINE] TheStepashich logged in 5.166.120.60
[06-23 11:27:13]: [INFO] AuthMe 5.6.0-beta2-b2453 disabled!
[06-23 11:28:03]: [INFO] SQLite Setup finished
[06-23 11:28:03]: [INFO] Hooked into LuckPerms!
[06-23 11:28:04]: [INFO] Hooked successfully into Multiverse-Core
[06-23 11:28:04]: [INFO] AuthMe 5.6.0-beta2 build n.2453 successfully enabled!
[06-23 11:28:08]: [INFO] Downloading GEO IP database, because the old database is older than 30 days or doesn't exist
[06-23 11:28:08]: [WARN] No MaxMind credentials found in the configuration file! GeoIp protections will be disabled.
[06-23 11:28:08]: [INFO] There is no newer GEO IP database uploaded to MaxMind. Using the old one for now.
[06-23 11:28:08]: [WARN] Could not download GeoLiteAPI database [FileNotFoundException]: plugins/AuthMe/GeoLite2-Country.mmdb (No such file or directory)
[06-23 11:28:08]: java.io.FileNotFoundException: plugins/AuthMe/GeoLite2-Country.mmdb (No such file or directory)
	at java.base/java.io.RandomAccessFile.open0(Native Method)
	at java.base/java.io.RandomAccessFile.open(RandomAccessFile.java:343)
	at java.base/java.io.RandomAccessFile.<init>(RandomAccessFile.java:258)
	at java.base/java.io.RandomAccessFile.<init>(RandomAccessFile.java:213)
	at fr.xephi.authme.libs.com.maxmind.db.BufferHolder.<init>(BufferHolder.java:20)
	at fr.xephi.authme.libs.com.maxmind.db.Reader.<init>(Reader.java:121)
	at fr.xephi.authme.service.GeoIpService.startReading(GeoIpService.java:173)
	at fr.xephi.authme.service.GeoIpService.updateDatabase(GeoIpService.java:144)
	at org.bukkit.craftbukkit.v1_16_R3.scheduler.CraftTask.run(CraftTask.java:100)
	at org.bukkit.craftbukkit.v1_16_R3.scheduler.CraftAsyncTask.run(CraftAsyncTask.java:58)
	at com.destroystokyo.paper.ServerSchedulerReportingWrapper.run(ServerSchedulerReportingWrapper.java:22)
	at java.base/java.util.concurrent.ThreadPoolExecutor.runWorker(ThreadPoolExecutor.java:1130)
	at java.base/java.util.concurrent.ThreadPoolExecutor$Worker.run(ThreadPoolExecutor.java:630)
	at java.base/java.lang.Thread.run(Thread.java:831)

[06-23 11:30:31]: [INFO] AuthMe 5.6.0-beta2-b2453 disabled!
[06-23 11:31:22]: [INFO] SQLite Setup finished
[06-23 11:31:22]: [INFO] Hooked into LuckPerms!
[06-23 11:31:23]: [INFO] Hooked successfully into Multiverse-Core
[06-23 11:31:23]: [INFO] AuthMe 5.6.0-beta2 build n.2453 successfully enabled!
[06-23 11:31:28]: [INFO] Downloading GEO IP database, because the old database is older than 30 days or doesn't exist
[06-23 11:31:28]: [WARN] No MaxMind credentials found in the configuration file! GeoIp protections will be disabled.
[06-23 11:31:28]: [INFO] There is no newer GEO IP database uploaded to MaxMind. Using the old one for now.
[06-23 11:31:28]: [WARN] Could not download GeoLiteAPI database [FileNotFoundException]: plugins/AuthMe/GeoLite2-Country.mmdb (No such file or directory)
[06-23 11:31:28]: java.io.FileNotFoundException: plugins/AuthMe/GeoLite2-Country.mmdb (No such file or directory)
	at java.base/java.io.RandomAccessFile.open0(Native Method)
	at java.base/java.io.RandomAccessFile.open(RandomAccessFile.java:343)
	at java.base/java.io.RandomAccessFile.<init>(RandomAccessFile.java:258)
	at java.base/java.io.RandomAccessFile.<init>(RandomAccessFile.java:213)
	at fr.xephi.authme.libs.com.maxmind.db.BufferHolder.<init>(BufferHolder.java:20)
	at fr.xephi.authme.libs.com.maxmind.db.Reader.<init>(Reader.java:121)
	at fr.xephi.authme.service.GeoIpService.startReading(GeoIpService.java:173)
	at fr.xephi.authme.service.GeoIpService.updateDatabase(GeoIpService.java:144)
	at org.bukkit.craftbukkit.v1_16_R3.scheduler.CraftTask.run(CraftTask.java:100)
	at org.bukkit.craftbukkit.v1_16_R3.scheduler.CraftAsyncTask.run(CraftAsyncTask.java:58)
	at com.destroystokyo.paper.ServerSchedulerReportingWrapper.run(ServerSchedulerReportingWrapper.java:22)
	at java.base/java.util.concurrent.ThreadPoolExecutor.runWorker(ThreadPoolExecutor.java:1130)
	at java.base/java.util.concurrent.ThreadPoolExecutor$Worker.run(ThreadPoolExecutor.java:630)
	at java.base/java.lang.Thread.run(Thread.java:831)

[06-23 11:32:01]: [FINE] TheStepashich logged in 5.166.120.60
[06-23 11:40:46]: [FINE] TheStepashich logged in 5.166.120.60
[06-23 11:56:47]: [FINE] TheStepashich logged in 5.166.120.60
[06-23 11:57:45]: [INFO] AuthMe 5.6.0-beta2-b2453 disabled!
[06-23 11:58:35]: [INFO] SQLite Setup finished
[06-23 11:58:35]: [INFO] Hooked into LuckPerms!
[06-23 11:58:35]: [INFO] Hooked successfully into Multiverse-Core
[06-23 11:58:35]: [INFO] AuthMe 5.6.0-beta2 build n.2453 successfully enabled!
[06-23 11:58:40]: [INFO] Downloading GEO IP database, because the old database is older than 30 days or doesn't exist
[06-23 11:58:40]: [WARN] No MaxMind credentials found in the configuration file! GeoIp protections will be disabled.
[06-23 11:58:40]: [INFO] There is no newer GEO IP database uploaded to MaxMind. Using the old one for now.
[06-23 11:58:40]: [WARN] Could not download GeoLiteAPI database [FileNotFoundException]: plugins/AuthMe/GeoLite2-Country.mmdb (No such file or directory)
[06-23 11:58:40]: java.io.FileNotFoundException: plugins/AuthMe/GeoLite2-Country.mmdb (No such file or directory)
	at java.base/java.io.RandomAccessFile.open0(Native Method)
	at java.base/java.io.RandomAccessFile.open(RandomAccessFile.java:343)
	at java.base/java.io.RandomAccessFile.<init>(RandomAccessFile.java:258)
	at java.base/java.io.RandomAccessFile.<init>(RandomAccessFile.java:213)
	at fr.xephi.authme.libs.com.maxmind.db.BufferHolder.<init>(BufferHolder.java:20)
	at fr.xephi.authme.libs.com.maxmind.db.Reader.<init>(Reader.java:121)
	at fr.xephi.authme.service.GeoIpService.startReading(GeoIpService.java:173)
	at fr.xephi.authme.service.GeoIpService.updateDatabase(GeoIpService.java:144)
	at org.bukkit.craftbukkit.v1_16_R3.scheduler.CraftTask.run(CraftTask.java:100)
	at org.bukkit.craftbukkit.v1_16_R3.scheduler.CraftAsyncTask.run(CraftAsyncTask.java:58)
	at com.destroystokyo.paper.ServerSchedulerReportingWrapper.run(ServerSchedulerReportingWrapper.java:22)
	at java.base/java.util.concurrent.ThreadPoolExecutor.runWorker(ThreadPoolExecutor.java:1130)
	at java.base/java.util.concurrent.ThreadPoolExecutor$Worker.run(ThreadPoolExecutor.java:630)
	at java.base/java.lang.Thread.run(Thread.java:831)

[06-23 11:58:46]: [FINE] TheStepashich logged in 5.166.120.60
[06-23 13:03:01]: [INFO] AuthMe 5.6.0-beta2-b2453 disabled!
[06-23 13:27:48]: [INFO] SQLite Setup finished
[06-23 13:27:48]: [INFO] Hooked into LuckPerms!
[06-23 13:27:48]: [INFO] Hooked successfully into Multiverse-Core
[06-23 13:27:48]: [INFO] AuthMe 5.6.0-beta2 build n.2453 successfully enabled!
[06-23 13:27:53]: [INFO] Downloading GEO IP database, because the old database is older than 30 days or doesn't exist
[06-23 13:27:53]: [WARN] No MaxMind credentials found in the configuration file! GeoIp protections will be disabled.
[06-23 13:27:53]: [INFO] There is no newer GEO IP database uploaded to MaxMind. Using the old one for now.
[06-23 13:27:53]: [WARN] Could not download GeoLiteAPI database [FileNotFoundException]: plugins/AuthMe/GeoLite2-Country.mmdb (No such file or directory)
[06-23 13:27:53]: java.io.FileNotFoundException: plugins/AuthMe/GeoLite2-Country.mmdb (No such file or directory)
	at java.base/java.io.RandomAccessFile.open0(Native Method)
	at java.base/java.io.RandomAccessFile.open(RandomAccessFile.java:343)
	at java.base/java.io.RandomAccessFile.<init>(RandomAccessFile.java:258)
	at java.base/java.io.RandomAccessFile.<init>(RandomAccessFile.java:213)
	at fr.xephi.authme.libs.com.maxmind.db.BufferHolder.<init>(BufferHolder.java:20)
	at fr.xephi.authme.libs.com.maxmind.db.Reader.<init>(Reader.java:121)
	at fr.xephi.authme.service.GeoIpService.startReading(GeoIpService.java:173)
	at fr.xephi.authme.service.GeoIpService.updateDatabase(GeoIpService.java:144)
	at org.bukkit.craftbukkit.v1_16_R3.scheduler.CraftTask.run(CraftTask.java:100)
	at org.bukkit.craftbukkit.v1_16_R3.scheduler.CraftAsyncTask.run(CraftAsyncTask.java:58)
	at com.destroystokyo.paper.ServerSchedulerReportingWrapper.run(ServerSchedulerReportingWrapper.java:22)
	at java.base/java.util.concurrent.ThreadPoolExecutor.runWorker(ThreadPoolExecutor.java:1130)
	at java.base/java.util.concurrent.ThreadPoolExecutor$Worker.run(ThreadPoolExecutor.java:630)
	at java.base/java.lang.Thread.run(Thread.java:831)

[06-23 14:03:46]: [FINE] TheStepashich logged in 212.74.203.49
[06-23 14:37:44]: [INFO] AuthMe 5.6.0-beta2-b2453 disabled!
[06-23 14:38:45]: [INFO] SQLite Setup finished
[06-23 14:38:45]: [INFO] Hooked into LuckPerms!
[06-23 14:38:45]: [INFO] Hooked successfully into Multiverse-Core
[06-23 14:38:46]: [INFO] AuthMe 5.6.0-beta2 build n.2453 successfully enabled!
[06-23 14:38:50]: [INFO] Downloading GEO IP database, because the old database is older than 30 days or doesn't exist
[06-23 14:38:50]: [WARN] No MaxMind credentials found in the configuration file! GeoIp protections will be disabled.
[06-23 14:38:50]: [INFO] There is no newer GEO IP database uploaded to MaxMind. Using the old one for now.
[06-23 14:38:50]: [WARN] Could not download GeoLiteAPI database [FileNotFoundException]: plugins/AuthMe/GeoLite2-Country.mmdb (No such file or directory)
[06-23 14:38:50]: java.io.FileNotFoundException: plugins/AuthMe/GeoLite2-Country.mmdb (No such file or directory)
	at java.base/java.io.RandomAccessFile.open0(Native Method)
	at java.base/java.io.RandomAccessFile.open(RandomAccessFile.java:343)
	at java.base/java.io.RandomAccessFile.<init>(RandomAccessFile.java:258)
	at java.base/java.io.RandomAccessFile.<init>(RandomAccessFile.java:213)
	at fr.xephi.authme.libs.com.maxmind.db.BufferHolder.<init>(BufferHolder.java:20)
	at fr.xephi.authme.libs.com.maxmind.db.Reader.<init>(Reader.java:121)
	at fr.xephi.authme.service.GeoIpService.startReading(GeoIpService.java:173)
	at fr.xephi.authme.service.GeoIpService.updateDatabase(GeoIpService.java:144)
	at org.bukkit.craftbukkit.v1_16_R3.scheduler.CraftTask.run(CraftTask.java:100)
	at org.bukkit.craftbukkit.v1_16_R3.scheduler.CraftAsyncTask.run(CraftAsyncTask.java:58)
	at com.destroystokyo.paper.ServerSchedulerReportingWrapper.run(ServerSchedulerReportingWrapper.java:22)
	at java.base/java.util.concurrent.ThreadPoolExecutor.runWorker(ThreadPoolExecutor.java:1130)
	at java.base/java.util.concurrent.ThreadPoolExecutor$Worker.run(ThreadPoolExecutor.java:630)
	at java.base/java.lang.Thread.run(Thread.java:831)

[06-23 14:39:11]: [FINE] TheStepashich logged in 212.74.203.49
[06-23 15:10:51]: [FINE] TheStepashich logged in 212.74.203.49
[06-23 15:22:34]: [INFO] AuthMe 5.6.0-beta2-b2453 disabled!
[07-25 14:46:14]: [INFO] SQLite Setup finished
[07-25 14:46:14]: [INFO] Hooked into LuckPerms!
[07-25 14:46:14]: [INFO] Hooked successfully into Essentials
[07-25 14:46:14]: [INFO] Hooked successfully into Multiverse-Core
[07-25 14:46:14]: [INFO] Essentials spawn file not found: 'C:\Users\stepa\Documents\GitHub\TheStepashich\plugins\Essentials\spawn.yml'
[07-25 14:46:15]: [INFO] AuthMe 5.6.0-beta2 build n.2453 successfully enabled!
[07-25 14:46:20]: [INFO] Downloading GEO IP database, because the old database is older than 30 days or doesn't exist
[07-25 14:46:20]: [WARN] No MaxMind credentials found in the configuration file! GeoIp protections will be disabled.
[07-25 14:46:20]: [INFO] There is no newer GEO IP database uploaded to MaxMind. Using the old one for now.
[07-25 14:46:20]: [WARN] Could not download GeoLiteAPI database [FileNotFoundException]: plugins\AuthMe\GeoLite2-Country.mmdb (Не удается найти указанный файл)
[07-25 14:46:20]: java.io.FileNotFoundException: plugins\AuthMe\GeoLite2-Country.mmdb (Не удается найти указанный файл)
	at java.io.RandomAccessFile.open0(Native Method)
	at java.io.RandomAccessFile.open(Unknown Source)
	at java.io.RandomAccessFile.<init>(Unknown Source)
	at fr.xephi.authme.libs.com.maxmind.db.BufferHolder.<init>(BufferHolder.java:20)
	at fr.xephi.authme.libs.com.maxmind.db.Reader.<init>(Reader.java:121)
	at fr.xephi.authme.service.GeoIpService.startReading(GeoIpService.java:173)
	at fr.xephi.authme.service.GeoIpService.updateDatabase(GeoIpService.java:144)
	at org.bukkit.craftbukkit.v1_16_R3.scheduler.CraftTask.run(CraftTask.java:100)
	at org.bukkit.craftbukkit.v1_16_R3.scheduler.CraftAsyncTask.run(CraftAsyncTask.java:58)
	at com.destroystokyo.paper.ServerSchedulerReportingWrapper.run(ServerSchedulerReportingWrapper.java:22)
	at java.util.concurrent.ThreadPoolExecutor.runWorker(Unknown Source)
	at java.util.concurrent.ThreadPoolExecutor$Worker.run(Unknown Source)
	at java.lang.Thread.run(Unknown Source)

[07-25 14:50:56]: [FINE] TheStepashich logged in 127.0.0.1
[07-25 15:18:28]: [INFO] AuthMe 5.6.0-beta2-b2453 disabled!
[07-25 15:19:53]: [INFO] SQLite Setup finished
[07-25 15:19:54]: [INFO] Hooked into LuckPerms!
[07-25 15:19:54]: [INFO] Hooked successfully into Essentials
[07-25 15:19:54]: [INFO] Hooked successfully into Multiverse-Core
[07-25 15:19:54]: [INFO] Essentials spawn file not found: 'C:\Users\stepa\Documents\GitHub\TheStepashich\plugins\Essentials\spawn.yml'
[07-25 15:19:55]: [INFO] AuthMe 5.6.0-beta2 build n.2453 successfully enabled!
[07-25 15:19:59]: [INFO] Downloading GEO IP database, because the old database is older than 30 days or doesn't exist
[07-25 15:19:59]: [WARN] No MaxMind credentials found in the configuration file! GeoIp protections will be disabled.
[07-25 15:19:59]: [INFO] There is no newer GEO IP database uploaded to MaxMind. Using the old one for now.
[07-25 15:19:59]: [WARN] Could not download GeoLiteAPI database [FileNotFoundException]: plugins\AuthMe\GeoLite2-Country.mmdb (Не удается найти указанный файл)
[07-25 15:19:59]: java.io.FileNotFoundException: plugins\AuthMe\GeoLite2-Country.mmdb (Не удается найти указанный файл)
	at java.io.RandomAccessFile.open0(Native Method)
	at java.io.RandomAccessFile.open(Unknown Source)
	at java.io.RandomAccessFile.<init>(Unknown Source)
	at fr.xephi.authme.libs.com.maxmind.db.BufferHolder.<init>(BufferHolder.java:20)
	at fr.xephi.authme.libs.com.maxmind.db.Reader.<init>(Reader.java:121)
	at fr.xephi.authme.service.GeoIpService.startReading(GeoIpService.java:173)
	at fr.xephi.authme.service.GeoIpService.updateDatabase(GeoIpService.java:144)
	at org.bukkit.craftbukkit.v1_16_R3.scheduler.CraftTask.run(CraftTask.java:100)
	at org.bukkit.craftbukkit.v1_16_R3.scheduler.CraftAsyncTask.run(CraftAsyncTask.java:58)
	at com.destroystokyo.paper.ServerSchedulerReportingWrapper.run(ServerSchedulerReportingWrapper.java:22)
	at java.util.concurrent.ThreadPoolExecutor.runWorker(Unknown Source)
	at java.util.concurrent.ThreadPoolExecutor$Worker.run(Unknown Source)
	at java.lang.Thread.run(Unknown Source)

[07-25 15:20:07]: [FINE] TheStepashich logged in 127.0.0.1
[07-25 15:23:02]: [FINE] TheStepashich logged in 127.0.0.1
[07-25 15:29:45]: [INFO] AuthMe 5.6.0-beta2-b2453 disabled!
[07-25 15:30:05]: [INFO] SQLite Setup finished
[07-25 15:30:05]: [INFO] Hooked into LuckPerms!
[07-25 15:30:05]: [INFO] Hooked successfully into Essentials
[07-25 15:30:05]: [INFO] Hooked successfully into Multiverse-Core
[07-25 15:30:05]: [INFO] Essentials spawn file not found: 'C:\Users\stepa\Documents\GitHub\TheStepashich\plugins\Essentials\spawn.yml'
[07-25 15:30:05]: [INFO] AuthMe 5.6.0-beta2 build n.2453 successfully enabled!
[07-25 15:30:09]: [INFO] Downloading GEO IP database, because the old database is older than 30 days or doesn't exist
[07-25 15:30:09]: [WARN] No MaxMind credentials found in the configuration file! GeoIp protections will be disabled.
[07-25 15:30:09]: [INFO] There is no newer GEO IP database uploaded to MaxMind. Using the old one for now.
[07-25 15:30:09]: [WARN] Could not download GeoLiteAPI database [FileNotFoundException]: plugins\AuthMe\GeoLite2-Country.mmdb (Не удается найти указанный файл)
[07-25 15:30:09]: java.io.FileNotFoundException: plugins\AuthMe\GeoLite2-Country.mmdb (Не удается найти указанный файл)
	at java.io.RandomAccessFile.open0(Native Method)
	at java.io.RandomAccessFile.open(Unknown Source)
	at java.io.RandomAccessFile.<init>(Unknown Source)
	at fr.xephi.authme.libs.com.maxmind.db.BufferHolder.<init>(BufferHolder.java:20)
	at fr.xephi.authme.libs.com.maxmind.db.Reader.<init>(Reader.java:121)
	at fr.xephi.authme.service.GeoIpService.startReading(GeoIpService.java:173)
	at fr.xephi.authme.service.GeoIpService.updateDatabase(GeoIpService.java:144)
	at org.bukkit.craftbukkit.v1_16_R3.scheduler.CraftTask.run(CraftTask.java:100)
	at org.bukkit.craftbukkit.v1_16_R3.scheduler.CraftAsyncTask.run(CraftAsyncTask.java:58)
	at com.destroystokyo.paper.ServerSchedulerReportingWrapper.run(ServerSchedulerReportingWrapper.java:22)
	at java.util.concurrent.ThreadPoolExecutor.runWorker(Unknown Source)
	at java.util.concurrent.ThreadPoolExecutor$Worker.run(Unknown Source)
	at java.lang.Thread.run(Unknown Source)

[07-25 15:30:15]: [FINE] TheStepashich logged in 127.0.0.1
[07-25 15:30:46]: [INFO] AuthMe 5.6.0-beta2-b2453 disabled!
[07-25 15:31:46]: [INFO] SQLite Setup finished
[07-25 15:31:46]: [INFO] Hooked into LuckPerms!
[07-25 15:31:46]: [INFO] Hooked successfully into Essentials
[07-25 15:31:46]: [INFO] Hooked successfully into Multiverse-Core
[07-25 15:31:46]: [INFO] Essentials spawn file not found: 'C:\Users\stepa\Documents\GitHub\TheStepashich\plugins\Essentials\spawn.yml'
[07-25 15:31:46]: [INFO] AuthMe 5.6.0-beta2 build n.2453 successfully enabled!
[07-25 15:31:50]: [INFO] Downloading GEO IP database, because the old database is older than 30 days or doesn't exist
[07-25 15:31:50]: [WARN] No MaxMind credentials found in the configuration file! GeoIp protections will be disabled.
[07-25 15:31:50]: [INFO] There is no newer GEO IP database uploaded to MaxMind. Using the old one for now.
[07-25 15:31:50]: [WARN] Could not download GeoLiteAPI database [FileNotFoundException]: plugins\AuthMe\GeoLite2-Country.mmdb (Не удается найти указанный файл)
[07-25 15:31:50]: java.io.FileNotFoundException: plugins\AuthMe\GeoLite2-Country.mmdb (Не удается найти указанный файл)
	at java.io.RandomAccessFile.open0(Native Method)
	at java.io.RandomAccessFile.open(Unknown Source)
	at java.io.RandomAccessFile.<init>(Unknown Source)
	at fr.xephi.authme.libs.com.maxmind.db.BufferHolder.<init>(BufferHolder.java:20)
	at fr.xephi.authme.libs.com.maxmind.db.Reader.<init>(Reader.java:121)
	at fr.xephi.authme.service.GeoIpService.startReading(GeoIpService.java:173)
	at fr.xephi.authme.service.GeoIpService.updateDatabase(GeoIpService.java:144)
	at org.bukkit.craftbukkit.v1_16_R3.scheduler.CraftTask.run(CraftTask.java:100)
	at org.bukkit.craftbukkit.v1_16_R3.scheduler.CraftAsyncTask.run(CraftAsyncTask.java:58)
	at com.destroystokyo.paper.ServerSchedulerReportingWrapper.run(ServerSchedulerReportingWrapper.java:22)
	at java.util.concurrent.ThreadPoolExecutor.runWorker(Unknown Source)
	at java.util.concurrent.ThreadPoolExecutor$Worker.run(Unknown Source)
	at java.lang.Thread.run(Unknown Source)

[07-25 15:32:27]: [INFO] AuthMe 5.6.0-beta2-b2453 disabled!
[07-25 15:33:30]: [INFO] SQLite Setup finished
[07-25 15:33:30]: [INFO] Hooked into LuckPerms!
[07-25 15:33:30]: [INFO] Hooked successfully into Essentials
[07-25 15:33:30]: [INFO] Hooked successfully into Multiverse-Core
[07-25 15:33:30]: [INFO] Essentials spawn file not found: 'C:\Users\stepa\Documents\GitHub\TheStepashich\plugins\Essentials\spawn.yml'
[07-25 15:33:31]: [INFO] AuthMe 5.6.0-beta2 build n.2453 successfully enabled!
[07-25 15:33:35]: [INFO] Downloading GEO IP database, because the old database is older than 30 days or doesn't exist
[07-25 15:33:35]: [WARN] No MaxMind credentials found in the configuration file! GeoIp protections will be disabled.
[07-25 15:33:35]: [INFO] There is no newer GEO IP database uploaded to MaxMind. Using the old one for now.
[07-25 15:33:35]: [WARN] Could not download GeoLiteAPI database [FileNotFoundException]: plugins\AuthMe\GeoLite2-Country.mmdb (Не удается найти указанный файл)
[07-25 15:33:35]: java.io.FileNotFoundException: plugins\AuthMe\GeoLite2-Country.mmdb (Не удается найти указанный файл)
	at java.io.RandomAccessFile.open0(Native Method)
	at java.io.RandomAccessFile.open(Unknown Source)
	at java.io.RandomAccessFile.<init>(Unknown Source)
	at fr.xephi.authme.libs.com.maxmind.db.BufferHolder.<init>(BufferHolder.java:20)
	at fr.xephi.authme.libs.com.maxmind.db.Reader.<init>(Reader.java:121)
	at fr.xephi.authme.service.GeoIpService.startReading(GeoIpService.java:173)
	at fr.xephi.authme.service.GeoIpService.updateDatabase(GeoIpService.java:144)
	at org.bukkit.craftbukkit.v1_16_R3.scheduler.CraftTask.run(CraftTask.java:100)
	at org.bukkit.craftbukkit.v1_16_R3.scheduler.CraftAsyncTask.run(CraftAsyncTask.java:58)
	at com.destroystokyo.paper.ServerSchedulerReportingWrapper.run(ServerSchedulerReportingWrapper.java:22)
	at java.util.concurrent.ThreadPoolExecutor.runWorker(Unknown Source)
	at java.util.concurrent.ThreadPoolExecutor$Worker.run(Unknown Source)
	at java.lang.Thread.run(Unknown Source)

[07-25 15:33:42]: [FINE] TheStepashich logged in 127.0.0.1
[07-25 15:37:21]: [INFO] AuthMe 5.6.0-beta2-b2453 disabled!
[07-25 15:37:41]: [INFO] SQLite Setup finished
[07-25 15:37:41]: [INFO] Hooked into LuckPerms!
[07-25 15:37:41]: [INFO] Hooked successfully into Essentials
[07-25 15:37:41]: [INFO] Hooked successfully into Multiverse-Core
[07-25 15:37:41]: [INFO] Essentials spawn file not found: 'C:\Users\stepa\Documents\GitHub\TheStepashich\plugins\Essentials\spawn.yml'
[07-25 15:37:41]: [INFO] AuthMe 5.6.0-beta2 build n.2453 successfully enabled!
[07-25 15:37:44]: [INFO] Downloading GEO IP database, because the old database is older than 30 days or doesn't exist
[07-25 15:37:44]: [WARN] No MaxMind credentials found in the configuration file! GeoIp protections will be disabled.
[07-25 15:37:44]: [INFO] There is no newer GEO IP database uploaded to MaxMind. Using the old one for now.
[07-25 15:37:44]: [WARN] Could not download GeoLiteAPI database [FileNotFoundException]: plugins\AuthMe\GeoLite2-Country.mmdb (Не удается найти указанный файл)
[07-25 15:37:44]: java.io.FileNotFoundException: plugins\AuthMe\GeoLite2-Country.mmdb (Не удается найти указанный файл)
	at java.io.RandomAccessFile.open0(Native Method)
	at java.io.RandomAccessFile.open(Unknown Source)
	at java.io.RandomAccessFile.<init>(Unknown Source)
	at fr.xephi.authme.libs.com.maxmind.db.BufferHolder.<init>(BufferHolder.java:20)
	at fr.xephi.authme.libs.com.maxmind.db.Reader.<init>(Reader.java:121)
	at fr.xephi.authme.service.GeoIpService.startReading(GeoIpService.java:173)
	at fr.xephi.authme.service.GeoIpService.updateDatabase(GeoIpService.java:144)
	at org.bukkit.craftbukkit.v1_16_R3.scheduler.CraftTask.run(CraftTask.java:100)
	at org.bukkit.craftbukkit.v1_16_R3.scheduler.CraftAsyncTask.run(CraftAsyncTask.java:58)
	at com.destroystokyo.paper.ServerSchedulerReportingWrapper.run(ServerSchedulerReportingWrapper.java:22)
	at java.util.concurrent.ThreadPoolExecutor.runWorker(Unknown Source)
	at java.util.concurrent.ThreadPoolExecutor$Worker.run(Unknown Source)
	at java.lang.Thread.run(Unknown Source)

[07-25 15:38:50]: [FINE] TheStepashich logged in 127.0.0.1
[07-25 15:39:07]: [INFO] AuthMe 5.6.0-beta2-b2453 disabled!
[07-25 15:40:13]: [INFO] SQLite Setup finished
[07-25 15:40:13]: [INFO] Hooked into LuckPerms!
[07-25 15:40:13]: [INFO] Hooked successfully into Essentials
[07-25 15:40:13]: [INFO] Hooked successfully into Multiverse-Core
[07-25 15:40:13]: [INFO] Essentials spawn file not found: 'C:\Users\stepa\Documents\GitHub\TheStepashich\plugins\Essentials\spawn.yml'
[07-25 15:40:14]: [INFO] AuthMe 5.6.0-beta2 build n.2453 successfully enabled!
[07-25 15:40:21]: [INFO] Downloading GEO IP database, because the old database is older than 30 days or doesn't exist
[07-25 15:40:21]: [WARN] No MaxMind credentials found in the configuration file! GeoIp protections will be disabled.
[07-25 15:40:21]: [INFO] There is no newer GEO IP database uploaded to MaxMind. Using the old one for now.
[07-25 15:40:21]: [WARN] Could not download GeoLiteAPI database [FileNotFoundException]: plugins\AuthMe\GeoLite2-Country.mmdb (Не удается найти указанный файл)
[07-25 15:40:21]: java.io.FileNotFoundException: plugins\AuthMe\GeoLite2-Country.mmdb (Не удается найти указанный файл)
	at java.io.RandomAccessFile.open0(Native Method)
	at java.io.RandomAccessFile.open(Unknown Source)
	at java.io.RandomAccessFile.<init>(Unknown Source)
	at fr.xephi.authme.libs.com.maxmind.db.BufferHolder.<init>(BufferHolder.java:20)
	at fr.xephi.authme.libs.com.maxmind.db.Reader.<init>(Reader.java:121)
	at fr.xephi.authme.service.GeoIpService.startReading(GeoIpService.java:173)
	at fr.xephi.authme.service.GeoIpService.updateDatabase(GeoIpService.java:144)
	at org.bukkit.craftbukkit.v1_16_R3.scheduler.CraftTask.run(CraftTask.java:100)
	at org.bukkit.craftbukkit.v1_16_R3.scheduler.CraftAsyncTask.run(CraftAsyncTask.java:58)
	at com.destroystokyo.paper.ServerSchedulerReportingWrapper.run(ServerSchedulerReportingWrapper.java:22)
	at java.util.concurrent.ThreadPoolExecutor.runWorker(Unknown Source)
	at java.util.concurrent.ThreadPoolExecutor$Worker.run(Unknown Source)
	at java.lang.Thread.run(Unknown Source)

[07-25 15:40:41]: [FINE] TheStepashich logged in 127.0.0.1
[07-25 15:52:46]: [INFO] AuthMe 5.6.0-beta2-b2453 disabled!
[07-25 15:54:24]: [INFO] SQLite Setup finished
[07-25 15:54:24]: [INFO] Hooked into LuckPerms!
[07-25 15:54:24]: [INFO] Hooked successfully into Essentials
[07-25 15:54:24]: [INFO] Hooked successfully into Multiverse-Core
[07-25 15:54:24]: [INFO] Essentials spawn file not found: 'C:\Users\stepa\Documents\GitHub\TheStepashich\plugins\Essentials\spawn.yml'
[07-25 15:54:24]: [INFO] AuthMe 5.6.0-beta2 build n.2453 successfully enabled!
[07-25 15:54:28]: [INFO] Downloading GEO IP database, because the old database is older than 30 days or doesn't exist
[07-25 15:54:28]: [WARN] No MaxMind credentials found in the configuration file! GeoIp protections will be disabled.
[07-25 15:54:28]: [INFO] There is no newer GEO IP database uploaded to MaxMind. Using the old one for now.
[07-25 15:54:28]: [WARN] Could not download GeoLiteAPI database [FileNotFoundException]: plugins\AuthMe\GeoLite2-Country.mmdb (Не удается найти указанный файл)
[07-25 15:54:28]: java.io.FileNotFoundException: plugins\AuthMe\GeoLite2-Country.mmdb (Не удается найти указанный файл)
	at java.io.RandomAccessFile.open0(Native Method)
	at java.io.RandomAccessFile.open(Unknown Source)
	at java.io.RandomAccessFile.<init>(Unknown Source)
	at fr.xephi.authme.libs.com.maxmind.db.BufferHolder.<init>(BufferHolder.java:20)
	at fr.xephi.authme.libs.com.maxmind.db.Reader.<init>(Reader.java:121)
	at fr.xephi.authme.service.GeoIpService.startReading(GeoIpService.java:173)
	at fr.xephi.authme.service.GeoIpService.updateDatabase(GeoIpService.java:144)
	at org.bukkit.craftbukkit.v1_16_R3.scheduler.CraftTask.run(CraftTask.java:100)
	at org.bukkit.craftbukkit.v1_16_R3.scheduler.CraftAsyncTask.run(CraftAsyncTask.java:58)
	at com.destroystokyo.paper.ServerSchedulerReportingWrapper.run(ServerSchedulerReportingWrapper.java:22)
	at java.util.concurrent.ThreadPoolExecutor.runWorker(Unknown Source)
	at java.util.concurrent.ThreadPoolExecutor$Worker.run(Unknown Source)
	at java.lang.Thread.run(Unknown Source)

[07-25 15:54:46]: [FINE] TheStepashich logged in 127.0.0.1
[07-25 16:03:17]: [INFO] AuthMe 5.6.0-beta2-b2453 disabled!
[07-25 16:04:18]: [INFO] SQLite Setup finished
[07-25 16:04:18]: [INFO] Hooked into LuckPerms!
[07-25 16:04:18]: [INFO] Hooked successfully into Essentials
[07-25 16:04:18]: [INFO] Hooked successfully into Multiverse-Core
[07-25 16:04:18]: [INFO] Essentials spawn file not found: 'C:\Users\stepa\Documents\GitHub\TheStepashich\plugins\Essentials\spawn.yml'
[07-25 16:04:19]: [INFO] AuthMe 5.6.0-beta2 build n.2453 successfully enabled!
[07-25 16:04:23]: [INFO] Downloading GEO IP database, because the old database is older than 30 days or doesn't exist
[07-25 16:04:23]: [WARN] No MaxMind credentials found in the configuration file! GeoIp protections will be disabled.
[07-25 16:04:23]: [INFO] There is no newer GEO IP database uploaded to MaxMind. Using the old one for now.
[07-25 16:04:23]: [WARN] Could not download GeoLiteAPI database [FileNotFoundException]: plugins\AuthMe\GeoLite2-Country.mmdb (Не удается найти указанный файл)
[07-25 16:04:23]: java.io.FileNotFoundException: plugins\AuthMe\GeoLite2-Country.mmdb (Не удается найти указанный файл)
	at java.io.RandomAccessFile.open0(Native Method)
	at java.io.RandomAccessFile.open(Unknown Source)
	at java.io.RandomAccessFile.<init>(Unknown Source)
	at fr.xephi.authme.libs.com.maxmind.db.BufferHolder.<init>(BufferHolder.java:20)
	at fr.xephi.authme.libs.com.maxmind.db.Reader.<init>(Reader.java:121)
	at fr.xephi.authme.service.GeoIpService.startReading(GeoIpService.java:173)
	at fr.xephi.authme.service.GeoIpService.updateDatabase(GeoIpService.java:144)
	at org.bukkit.craftbukkit.v1_16_R3.scheduler.CraftTask.run(CraftTask.java:100)
	at org.bukkit.craftbukkit.v1_16_R3.scheduler.CraftAsyncTask.run(CraftAsyncTask.java:58)
	at com.destroystokyo.paper.ServerSchedulerReportingWrapper.run(ServerSchedulerReportingWrapper.java:22)
	at java.util.concurrent.ThreadPoolExecutor.runWorker(Unknown Source)
	at java.util.concurrent.ThreadPoolExecutor$Worker.run(Unknown Source)
	at java.lang.Thread.run(Unknown Source)

[07-25 16:09:17]: [FINE] TheStepashich logged in 127.0.0.1
[07-25 16:10:48]: [INFO] AuthMe 5.6.0-beta2-b2453 disabled!
[07-25 16:12:00]: [INFO] SQLite Setup finished
[07-25 16:12:01]: [INFO] Hooked into LuckPerms!
[07-25 16:12:01]: [INFO] Hooked successfully into Essentials
[07-25 16:12:01]: [INFO] Hooked successfully into Multiverse-Core
[07-25 16:12:01]: [INFO] Essentials spawn file not found: 'C:\Users\stepa\Documents\GitHub\TheStepashich\plugins\Essentials\spawn.yml'
[07-25 16:12:01]: [INFO] AuthMe 5.6.0-beta2 build n.2453 successfully enabled!
[07-25 16:12:06]: [INFO] Downloading GEO IP database, because the old database is older than 30 days or doesn't exist
[07-25 16:12:06]: [WARN] No MaxMind credentials found in the configuration file! GeoIp protections will be disabled.
[07-25 16:12:06]: [INFO] There is no newer GEO IP database uploaded to MaxMind. Using the old one for now.
[07-25 16:12:06]: [WARN] Could not download GeoLiteAPI database [FileNotFoundException]: plugins\AuthMe\GeoLite2-Country.mmdb (Не удается найти указанный файл)
[07-25 16:12:06]: java.io.FileNotFoundException: plugins\AuthMe\GeoLite2-Country.mmdb (Не удается найти указанный файл)
	at java.io.RandomAccessFile.open0(Native Method)
	at java.io.RandomAccessFile.open(Unknown Source)
	at java.io.RandomAccessFile.<init>(Unknown Source)
	at fr.xephi.authme.libs.com.maxmind.db.BufferHolder.<init>(BufferHolder.java:20)
	at fr.xephi.authme.libs.com.maxmind.db.Reader.<init>(Reader.java:121)
	at fr.xephi.authme.service.GeoIpService.startReading(GeoIpService.java:173)
	at fr.xephi.authme.service.GeoIpService.updateDatabase(GeoIpService.java:144)
	at org.bukkit.craftbukkit.v1_16_R3.scheduler.CraftTask.run(CraftTask.java:100)
	at org.bukkit.craftbukkit.v1_16_R3.scheduler.CraftAsyncTask.run(CraftAsyncTask.java:58)
	at com.destroystokyo.paper.ServerSchedulerReportingWrapper.run(ServerSchedulerReportingWrapper.java:22)
	at java.util.concurrent.ThreadPoolExecutor.runWorker(Unknown Source)
	at java.util.concurrent.ThreadPoolExecutor$Worker.run(Unknown Source)
	at java.lang.Thread.run(Unknown Source)

[07-25 16:25:51]: [FINE] TheStepashich logged in 127.0.0.1
[07-25 16:37:23]: [INFO] AuthMe 5.6.0-beta2-b2453 disabled!
[07-25 16:38:41]: [INFO] SQLite Setup finished
[07-25 16:38:41]: [INFO] Hooked into LuckPerms!
[07-25 16:38:41]: [INFO] Hooked successfully into Essentials
[07-25 16:38:41]: [INFO] Hooked successfully into Multiverse-Core
[07-25 16:38:41]: [INFO] Essentials spawn file not found: 'C:\Users\stepa\Documents\GitHub\TheStepashich\plugins\Essentials\spawn.yml'
[07-25 16:38:42]: [INFO] AuthMe 5.6.0-beta2 build n.2453 successfully enabled!
[07-25 16:38:48]: [INFO] Downloading GEO IP database, because the old database is older than 30 days or doesn't exist
[07-25 16:38:48]: [WARN] No MaxMind credentials found in the configuration file! GeoIp protections will be disabled.
[07-25 16:38:48]: [INFO] There is no newer GEO IP database uploaded to MaxMind. Using the old one for now.
[07-25 16:38:48]: [WARN] Could not download GeoLiteAPI database [FileNotFoundException]: plugins\AuthMe\GeoLite2-Country.mmdb (Не удается найти указанный файл)
[07-25 16:38:48]: java.io.FileNotFoundException: plugins\AuthMe\GeoLite2-Country.mmdb (Не удается найти указанный файл)
	at java.io.RandomAccessFile.open0(Native Method)
	at java.io.RandomAccessFile.open(Unknown Source)
	at java.io.RandomAccessFile.<init>(Unknown Source)
	at fr.xephi.authme.libs.com.maxmind.db.BufferHolder.<init>(BufferHolder.java:20)
	at fr.xephi.authme.libs.com.maxmind.db.Reader.<init>(Reader.java:121)
	at fr.xephi.authme.service.GeoIpService.startReading(GeoIpService.java:173)
	at fr.xephi.authme.service.GeoIpService.updateDatabase(GeoIpService.java:144)
	at org.bukkit.craftbukkit.v1_16_R3.scheduler.CraftTask.run(CraftTask.java:100)
	at org.bukkit.craftbukkit.v1_16_R3.scheduler.CraftAsyncTask.run(CraftAsyncTask.java:58)
	at com.destroystokyo.paper.ServerSchedulerReportingWrapper.run(ServerSchedulerReportingWrapper.java:22)
	at java.util.concurrent.ThreadPoolExecutor.runWorker(Unknown Source)
	at java.util.concurrent.ThreadPoolExecutor$Worker.run(Unknown Source)
	at java.lang.Thread.run(Unknown Source)

[07-25 16:39:16]: [FINE] TheStepashich logged in 127.0.0.1
[07-25 16:45:37]: [INFO] AuthMe 5.6.0-beta2-b2453 disabled!
[07-25 16:48:13]: [INFO] SQLite Setup finished
[07-25 16:48:13]: [INFO] Hooked into LuckPerms!
[07-25 16:48:13]: [INFO] Hooked successfully into Essentials
[07-25 16:48:13]: [INFO] Hooked successfully into Multiverse-Core
[07-25 16:48:13]: [INFO] Essentials spawn file not found: 'C:\Users\stepa\Documents\GitHub\TheStepashich\plugins\Essentials\spawn.yml'
[07-25 16:48:13]: [INFO] AuthMe 5.6.0-beta2 build n.2453 successfully enabled!
[07-25 16:48:17]: [INFO] Downloading GEO IP database, because the old database is older than 30 days or doesn't exist
[07-25 16:48:17]: [WARN] No MaxMind credentials found in the configuration file! GeoIp protections will be disabled.
[07-25 16:48:17]: [INFO] There is no newer GEO IP database uploaded to MaxMind. Using the old one for now.
[07-25 16:48:17]: [WARN] Could not download GeoLiteAPI database [FileNotFoundException]: plugins\AuthMe\GeoLite2-Country.mmdb (Не удается найти указанный файл)
[07-25 16:48:17]: java.io.FileNotFoundException: plugins\AuthMe\GeoLite2-Country.mmdb (Не удается найти указанный файл)
	at java.io.RandomAccessFile.open0(Native Method)
	at java.io.RandomAccessFile.open(Unknown Source)
	at java.io.RandomAccessFile.<init>(Unknown Source)
	at fr.xephi.authme.libs.com.maxmind.db.BufferHolder.<init>(BufferHolder.java:20)
	at fr.xephi.authme.libs.com.maxmind.db.Reader.<init>(Reader.java:121)
	at fr.xephi.authme.service.GeoIpService.startReading(GeoIpService.java:173)
	at fr.xephi.authme.service.GeoIpService.updateDatabase(GeoIpService.java:144)
	at org.bukkit.craftbukkit.v1_16_R3.scheduler.CraftTask.run(CraftTask.java:100)
	at org.bukkit.craftbukkit.v1_16_R3.scheduler.CraftAsyncTask.run(CraftAsyncTask.java:58)
	at com.destroystokyo.paper.ServerSchedulerReportingWrapper.run(ServerSchedulerReportingWrapper.java:22)
	at java.util.concurrent.ThreadPoolExecutor.runWorker(Unknown Source)
	at java.util.concurrent.ThreadPoolExecutor$Worker.run(Unknown Source)
	at java.lang.Thread.run(Unknown Source)

[07-25 16:51:46]: [INFO] AuthMe 5.6.0-beta2-b2453 disabled!
[07-25 16:52:49]: [INFO] SQLite Setup finished
[07-25 16:52:49]: [INFO] Hooked into LuckPerms!
[07-25 16:52:49]: [INFO] Hooked successfully into Essentials
[07-25 16:52:49]: [INFO] Hooked successfully into Multiverse-Core
[07-25 16:52:49]: [INFO] Essentials spawn file not found: 'C:\Users\stepa\Documents\GitHub\TheStepashich\plugins\Essentials\spawn.yml'
[07-25 16:52:49]: [INFO] AuthMe 5.6.0-beta2 build n.2453 successfully enabled!
[07-25 16:52:53]: [INFO] Downloading GEO IP database, because the old database is older than 30 days or doesn't exist
[07-25 16:52:53]: [WARN] No MaxMind credentials found in the configuration file! GeoIp protections will be disabled.
[07-25 16:52:53]: [INFO] There is no newer GEO IP database uploaded to MaxMind. Using the old one for now.
[07-25 16:52:53]: [WARN] Could not download GeoLiteAPI database [FileNotFoundException]: plugins\AuthMe\GeoLite2-Country.mmdb (Не удается найти указанный файл)
[07-25 16:52:53]: java.io.FileNotFoundException: plugins\AuthMe\GeoLite2-Country.mmdb (Не удается найти указанный файл)
	at java.io.RandomAccessFile.open0(Native Method)
	at java.io.RandomAccessFile.open(Unknown Source)
	at java.io.RandomAccessFile.<init>(Unknown Source)
	at fr.xephi.authme.libs.com.maxmind.db.BufferHolder.<init>(BufferHolder.java:20)
	at fr.xephi.authme.libs.com.maxmind.db.Reader.<init>(Reader.java:121)
	at fr.xephi.authme.service.GeoIpService.startReading(GeoIpService.java:173)
	at fr.xephi.authme.service.GeoIpService.updateDatabase(GeoIpService.java:144)
	at org.bukkit.craftbukkit.v1_16_R3.scheduler.CraftTask.run(CraftTask.java:100)
	at org.bukkit.craftbukkit.v1_16_R3.scheduler.CraftAsyncTask.run(CraftAsyncTask.java:58)
	at com.destroystokyo.paper.ServerSchedulerReportingWrapper.run(ServerSchedulerReportingWrapper.java:22)
	at java.util.concurrent.ThreadPoolExecutor.runWorker(Unknown Source)
	at java.util.concurrent.ThreadPoolExecutor$Worker.run(Unknown Source)
	at java.lang.Thread.run(Unknown Source)

[07-25 16:53:25]: [FINE] TheStepashich logged in 127.0.0.1
[07-25 16:54:10]: [INFO] AuthMe 5.6.0-beta2-b2453 disabled!
[07-25 17:17:01]: [INFO] SQLite Setup finished
[07-25 17:17:01]: [INFO] Hooked into LuckPerms!
[07-25 17:17:01]: [INFO] Hooked successfully into Essentials
[07-25 17:17:01]: [INFO] Hooked successfully into Multiverse-Core
[07-25 17:17:01]: [INFO] Essentials spawn file not found: 'C:\Users\stepa\Documents\GitHub\TheStepashich\plugins\Essentials\spawn.yml'
[07-25 17:17:01]: [INFO] AuthMe 5.6.0-beta2 build n.2453 successfully enabled!
[07-25 17:17:06]: [INFO] Downloading GEO IP database, because the old database is older than 30 days or doesn't exist
[07-25 17:17:06]: [WARN] No MaxMind credentials found in the configuration file! GeoIp protections will be disabled.
[07-25 17:17:06]: [INFO] There is no newer GEO IP database uploaded to MaxMind. Using the old one for now.
[07-25 17:17:06]: [WARN] Could not download GeoLiteAPI database [FileNotFoundException]: plugins\AuthMe\GeoLite2-Country.mmdb (Не удается найти указанный файл)
[07-25 17:17:06]: java.io.FileNotFoundException: plugins\AuthMe\GeoLite2-Country.mmdb (Не удается найти указанный файл)
	at java.io.RandomAccessFile.open0(Native Method)
	at java.io.RandomAccessFile.open(Unknown Source)
	at java.io.RandomAccessFile.<init>(Unknown Source)
	at fr.xephi.authme.libs.com.maxmind.db.BufferHolder.<init>(BufferHolder.java:20)
	at fr.xephi.authme.libs.com.maxmind.db.Reader.<init>(Reader.java:121)
	at fr.xephi.authme.service.GeoIpService.startReading(GeoIpService.java:173)
	at fr.xephi.authme.service.GeoIpService.updateDatabase(GeoIpService.java:144)
	at org.bukkit.craftbukkit.v1_16_R3.scheduler.CraftTask.run(CraftTask.java:100)
	at org.bukkit.craftbukkit.v1_16_R3.scheduler.CraftAsyncTask.run(CraftAsyncTask.java:58)
	at com.destroystokyo.paper.ServerSchedulerReportingWrapper.run(ServerSchedulerReportingWrapper.java:22)
	at java.util.concurrent.ThreadPoolExecutor.runWorker(Unknown Source)
	at java.util.concurrent.ThreadPoolExecutor$Worker.run(Unknown Source)
	at java.lang.Thread.run(Unknown Source)

[07-25 17:17:57]: [FINE] TheStepashich logged in 127.0.0.1
[07-25 17:20:12]: [FINE] TheStepashich logged in 127.0.0.1
[07-25 17:36:34]: [FINE] TheStepashich logged in 127.0.0.1
[07-25 17:47:27]: [INFO] AuthMe 5.6.0-beta2-b2453 disabled!
