[17:16:22] [main/INFO]: Environment: authHost='https://authserver.mojang.com', accountsHost='https://api.mojang.com', sessionHost='https://sessionserver.mojang.com', servicesHost='https://api.minecraftservices.com', name='PROD'
[17:16:23] [main/INFO]: Reloading ResourceManager: Default, bukkit
[17:16:26] [Worker-Main-2/INFO]: Loaded 7 recipes
[17:16:30] [Server thread/INFO]: Starting minecraft server version 1.16.5
[17:16:30] [Server thread/INFO]: Loading properties
[17:16:30] [Server console handler/ERROR]: [TerminalConsole] Failed to read console input
java.io.IOException: Неверный дескриптор
	at java.io.FileInputStream.readBytes(Native Method) ~[?:1.8.0_311]
	at java.io.FileInputStream.read(Unknown Source) ~[?:1.8.0_311]
	at java.io.BufferedInputStream.read1(Unknown Source) ~[?:1.8.0_311]
	at java.io.BufferedInputStream.read(Unknown Source) ~[?:1.8.0_311]
	at sun.nio.cs.StreamDecoder.readBytes(Unknown Source) ~[?:1.8.0_311]
	at sun.nio.cs.StreamDecoder.implRead(Unknown Source) ~[?:1.8.0_311]
	at sun.nio.cs.StreamDecoder.read(Unknown Source) ~[?:1.8.0_311]
	at java.io.InputStreamReader.read(Unknown Source) ~[?:1.8.0_311]
	at java.io.BufferedReader.fill(Unknown Source) ~[?:1.8.0_311]
	at java.io.BufferedReader.readLine(Unknown Source) ~[?:1.8.0_311]
	at java.io.BufferedReader.readLine(Unknown Source) ~[?:1.8.0_311]
	at net.minecrell.terminalconsole.SimpleTerminalConsole.readCommands(SimpleTerminalConsole.java:180) ~[patched_1.16.5.jar:git-Purpur-1171]
	at net.minecrell.terminalconsole.SimpleTerminalConsole.start(SimpleTerminalConsole.java:143) ~[patched_1.16.5.jar:git-Purpur-1171]
	at net.minecraft.server.v1_16_R3.DedicatedServer$1.run(DedicatedServer.java:106) ~[patched_1.16.5.jar:git-Purpur-1171]
	Suppressed: java.io.IOException: Неверный дескриптор
		at java.io.FileInputStream.close0(Native Method) ~[?:1.8.0_311]
		at java.io.FileInputStream.access$000(Unknown Source) ~[?:1.8.0_311]
		at java.io.FileInputStream$1.close(Unknown Source) ~[?:1.8.0_311]
		at java.io.FileDescriptor.closeAll(Unknown Source) ~[?:1.8.0_311]
		at java.io.FileInputStream.close(Unknown Source) ~[?:1.8.0_311]
		at java.io.BufferedInputStream.close(Unknown Source) ~[?:1.8.0_311]
		at sun.nio.cs.StreamDecoder.implClose(Unknown Source) ~[?:1.8.0_311]
		at sun.nio.cs.StreamDecoder.close(Unknown Source) ~[?:1.8.0_311]
		at java.io.InputStreamReader.close(Unknown Source) ~[?:1.8.0_311]
		at java.io.BufferedReader.close(Unknown Source) ~[?:1.8.0_311]
		at net.minecrell.terminalconsole.SimpleTerminalConsole.readCommands(SimpleTerminalConsole.java:183) ~[patched_1.16.5.jar:git-Purpur-1171]
		at net.minecrell.terminalconsole.SimpleTerminalConsole.start(SimpleTerminalConsole.java:143) ~[patched_1.16.5.jar:git-Purpur-1171]
		at net.minecraft.server.v1_16_R3.DedicatedServer$1.run(DedicatedServer.java:106) ~[patched_1.16.5.jar:git-Purpur-1171]
[17:16:30] [Server thread/INFO]: This server is running Purpur version git-Purpur-1171 (MC: 1.16.5) (Implementing API version 1.16.5-R0.1-SNAPSHOT)
[17:16:30] [Server thread/INFO]: Debug logging is disabled
[17:16:30] [Server thread/INFO]: Using 4 threads for Netty based IO
[17:16:30] [Server thread/INFO]: Server Ping Player Sample Count: 12
[17:16:30] [Server thread/INFO]: Default game type: SURVIVAL
[17:16:30] [Server thread/INFO]: Generating keypair
[17:16:30] [Server thread/INFO]: Starting Minecraft server on 0.0.0.0:25565
[17:16:30] [Server thread/INFO]: Using default channel type
[17:16:30] [Server thread/INFO]: Tuinity: Using Java compression from Velocity.
[17:16:30] [Server thread/INFO]: Tuinity: Using Java cipher from Velocity.
[17:16:32] [Server thread/WARN]: Initializing Legacy Material Support. Unless you have legacy plugins and/or data this is a bug!
[17:16:38] [Server thread/WARN]: Legacy plugin emotecraft v2.1-SNAPSHOT-build.9 does not specify an api-version.
[17:16:39] [Server thread/WARN]: SLF4J: Failed to load class "org.slf4j.impl.StaticLoggerBinder".
[17:16:39] [Server thread/WARN]: SLF4J: Defaulting to no-operation (NOP) logger implementation
[17:16:39] [Server thread/WARN]: SLF4J: See http://www.slf4j.org/codes.html#StaticLoggerBinder for further details.
[17:16:39] [Server thread/INFO]: [CoreProtect] Loading CoreProtect v20.1
[17:16:39] [Server thread/INFO]: [SimpleLay] Loading SimpleLay v1.1.1
[17:16:39] [Server thread/INFO]: [PlaceholderAPI] Loading PlaceholderAPI v2.11.2
[17:16:39] [Server thread/INFO]: [PerWorldInventory] Loading PerWorldInventory v2.3.2
[17:16:39] [Server thread/INFO]: [ViaVersion] Loading ViaVersion v4.3.1
[17:16:39] [Server thread/INFO]: [ViaVersion] ViaVersion 4.3.1 is now loaded, injecting!
[17:16:39] [Via-Mappingloader-0/INFO]: [ViaVersion] Loading 1.12 -> 1.13 mappings...
[17:16:39] [Via-Mappingloader-1/INFO]: [ViaVersion] Loading 1.13 -> 1.13.2 mappings...
[17:16:39] [Via-Mappingloader-7/INFO]: [ViaVersion] Loading 1.17 -> 1.18 mappings...
[17:16:39] [Via-Mappingloader-6/INFO]: [ViaVersion] Loading 1.16.2 -> 1.17 mappings...
[17:16:39] [Via-Mappingloader-5/INFO]: [ViaVersion] Loading 1.16 -> 1.16.2 mappings...
[17:16:39] [Via-Mappingloader-0/INFO]: [ViaVersion] Loading block connection mappings ...
[17:16:39] [Via-Mappingloader-4/INFO]: [ViaVersion] Loading 1.15 -> 1.16 mappings...
[17:16:39] [Via-Mappingloader-3/INFO]: [ViaVersion] Loading 1.14 -> 1.15 mappings...
[17:16:39] [Via-Mappingloader-2/INFO]: [ViaVersion] Loading 1.13.2 -> 1.14 mappings...
[17:16:39] [Server thread/INFO]: [ChatEmojis] Loading ChatEmojis v2.3.0
[17:16:39] [Server thread/INFO]: [emotecraft] Loading emotecraft v2.1-SNAPSHOT-build.9
[17:16:39] [Via-Mappingloader-8/INFO]: [ViaVersion] Loading 1.18 -> 1.19 mappings...
[17:16:44] [Server thread/INFO]: [MyCommand] Loading MyCommand v5.7.2
[17:16:44] [Server thread/INFO]: [Multiverse-Core] Loading Multiverse-Core v4.3.1-b861
[17:16:44] [Server thread/INFO]: [ProtocolLib] Loading ProtocolLib v4.8.0
[17:16:47] [Server thread/INFO]: [LuckPerms] Loading LuckPerms v5.4.30
[17:16:47] [Server thread/INFO]: [SkinsRestorer] Loading SkinsRestorer v14.2.1
[17:16:47] [Server thread/INFO]: [Essentials] Loading Essentials v2.19.5-dev+23-6816eb4
[17:16:47] [Server thread/INFO]: [PlasmoVoice] Loading PlasmoVoice v1.0.10
[17:16:47] [Server thread/INFO]: [AuthMe] Loading AuthMe v5.6.0-beta2-b2453
[17:16:47] [Server thread/INFO]: [StaffPlus] Loading StaffPlus v1.16.108
[17:16:47] [Server thread/INFO]: [ntdRpChat] Loading ntdRpChat v2.6.8
[17:16:47] [Server thread/INFO]: Server permissions file permissions.yml is empty, ignoring it
[17:16:47] [Server thread/INFO]: [ProtocolLib] Enabling ProtocolLib v4.8.0
[17:16:47] [Server thread/INFO]: [ProtocolLib] Started structure compiler thread.
[17:16:47] [Server thread/INFO]: [LuckPerms] Enabling LuckPerms v5.4.30
[17:16:48] [Server thread/INFO]:         __    
[17:16:48] [Server thread/INFO]:   |    |__)   LuckPerms v5.4.30
[17:16:48] [Server thread/INFO]:   |___ |      Running on Bukkit - Purpur
[17:16:48] [Server thread/INFO]: 
[17:16:48] [Server thread/INFO]: [LuckPerms] Loading configuration...
[17:16:49] [Server thread/INFO]: [LuckPerms] Loading storage provider... [H2]
[17:16:50] [Server thread/INFO]: [LuckPerms] Loading internal permission managers...
[17:16:50] [Server thread/INFO]: [LuckPerms] Performing initial data load...
[17:16:50] [Server thread/INFO]: [LuckPerms] Successfully enabled. (took 3185ms)
[17:16:50] [Server thread/WARN]: **** SERVER IS RUNNING IN OFFLINE/INSECURE MODE!
[17:16:50] [Server thread/WARN]: The server will make no attempt to authenticate usernames. Beware.
[17:16:50] [Server thread/WARN]: While this makes the game possible to play without internet access, it also opens up the ability for hackers to connect with any username they choose.
[17:16:50] [Server thread/WARN]: You will not be offered any support as long as the server allows offline-mode players to join.
[17:16:50] [Server thread/WARN]: To change this, set "online-mode" to "true" in the server.properties file.
[17:16:50] [Server thread/INFO]: Preparing level "world"
[17:16:51] [Server thread/INFO]: Preparing start region for dimension minecraft:overworld
[17:16:52] [Server thread/INFO]: Time elapsed: 454 ms
[17:16:52] [Server thread/INFO]: Preparing start region for dimension minecraft:the_nether
[17:16:52] [Server thread/INFO]: Time elapsed: 174 ms
[17:16:52] [Server thread/INFO]: Preparing start region for dimension minecraft:the_end
[17:16:52] [Server thread/INFO]: Time elapsed: 86 ms
[17:16:52] [Server thread/INFO]: [CoreProtect] Enabling CoreProtect v20.1
[17:16:53] [Server thread/INFO]: [CoreProtect] CoreProtect has been successfully enabled! 
[17:16:53] [Server thread/INFO]: [CoreProtect] Using SQLite for data storage.
[17:16:53] [Server thread/INFO]: --------------------
[17:16:53] [Server thread/INFO]: [CoreProtect] Enjoy CoreProtect? Join our Discord!
[17:16:53] [Server thread/INFO]: [CoreProtect] Discord: www.coreprotect.net/discord/
[17:16:53] [Server thread/INFO]: --------------------
[17:16:53] [Server thread/INFO]: [SimpleLay] Enabling SimpleLay v1.1.1
[17:16:53] [Server thread/INFO]: [PlaceholderAPI] Enabling PlaceholderAPI v2.11.2
[17:16:53] [Server thread/WARN]: [PlaceholderAPI] Loaded class com.viaversion.viaversion.api.type.Type from ViaVersion v4.3.1 which is not a depend, softdepend or loadbefore of this plugin.
[17:16:53] [Server thread/INFO]: [PlaceholderAPI] Fetching available expansion information...
[17:16:53] [Server thread/INFO]: [PerWorldInventory] Enabling PerWorldInventory v2.3.2
[17:16:54] [Server thread/INFO]: [PerWorldInventory] [ACF] Enabled Asynchronous Tab Completion Support!
[17:16:54] [Server thread/INFO]: [ViaVersion] Enabling ViaVersion v4.3.1
[17:16:54] [Server thread/INFO]: [ChatEmojis] Enabling ChatEmojis v2.3.0
[17:16:54] [Server thread/INFO]: [emotecraft] Enabling emotecraft v2.1-SNAPSHOT-build.9*
[17:16:54] [Server thread/INFO]: [emotecraft] Loading Emotecraft as a bukkit plugin...
[17:16:54] [Server thread/INFO]: [MyCommand] Enabling MyCommand v5.7.2
[17:16:54] [Server thread/INFO]: *-=-=-=-=-=-=-=-=-* MyCommand v.5.7.2*-=-=-=-=-=-=-=-=-=-*
[17:16:54] [Server thread/INFO]: | Vault plugin not found. Using BukkitPermissions
[17:16:54] [Server thread/INFO]: | No Economy support without Vault!
[17:16:54] [Server thread/INFO]: | Command file(s) found : 1
[17:16:54] [Server thread/INFO]: | Config : Ready.
[17:16:54] [Server thread/INFO]: | ProtocolLib found, features availables (SignMenu)
[17:16:54] [Server thread/INFO]: [PlaceholderAPI] Successfully registered expansion: mycommand [1.0.0]
[17:16:54] [Server thread/INFO]: | Placeholder_API : Hooked, Ok.
[17:16:54] [Server thread/INFO]: | Custom commands loaded : 44
[17:16:56] [Server thread/INFO]: | You're running the latest version of MyCommand.
[17:16:56] [Server thread/WARN]: [MyCommand] Loaded class com.comphenix.protocol.events.PacketListener from ProtocolLib v4.8.0 which is not a depend, softdepend or loadbefore of this plugin.
[17:16:56] [Server thread/INFO]: |          by emmerrei a.k.a. ivanfromitaly.           
[17:16:56] [Server thread/INFO]: *-=-=-=-=-=-=-=-=-=-*   Done!   *-=-=-=-=-=-=-=-=-=-=-*
[17:16:56] [Server thread/INFO]: [Multiverse-Core] Enabling Multiverse-Core v4.3.1-b861
[17:16:56] [Server thread/WARN]: [Multiverse-Core] "Multiverse-Core v4.3.1-b861" has registered a listener for org.bukkit.event.entity.EntityCreatePortalEvent on method "public void com.onarandombox.MultiverseCore.listeners.MVPortalListener.entityPortalCreate(org.bukkit.event.entity.EntityCreatePortalEvent)", but the event is Deprecated. "Server performance will be affected"; please notify the authors [dumptruckman, Rigby, fernferret, lithium3141, main--].
[17:16:56] [Server thread/INFO]: [Multiverse-Core] We are aware of the warning about the deprecated event. There is no alternative that allows us to do what we need to do and performance impact is negligible. It is safe to ignore.
[17:16:56] [Server thread/INFO]: Preparing start region for dimension minecraft:admin
[17:16:56] [Server thread/INFO]: Time elapsed: 260 ms
[17:16:56] [Server thread/INFO]: [Multiverse-Core] 4 - World(s) loaded.
[17:16:57] [Server thread/INFO]: [Multiverse-Core] Version 4.3.1-b861 (API v24) Enabled - By dumptruckman, Rigby, fernferret, lithium3141 and main--
[17:16:57] [Server thread/INFO]: [SkinsRestorer] Enabling SkinsRestorer v14.2.1
[17:16:58] [Server thread/INFO]: [33;1m[[32;22mSkinsRestorer[33;1m] [0;39m[32;1mDetected Minecraft [33;1mv1_16_R3[32;1m, using [33;1mSpigotSkinRefresher[32;1m.[0;39m
[17:16:58] [Server thread/INFO]: [SkinsRestorer] [ACF] Enabled Asynchronous Tab Completion Support!
[17:16:58] [Server thread/INFO]: [Essentials] Enabling Essentials v2.19.5-dev+23-6816eb4
[17:16:58] [Server thread/INFO]: [Essentials] Attempting to convert old kits in config.yml to new kits.yml
[17:16:58] [Server thread/INFO]: [Essentials] No kits found to migrate.
[17:17:00] [Server thread/INFO]: [Essentials] Loaded 38132 items from items.json.
[17:17:00] [Server thread/INFO]: [Essentials] Using locale ru_RU
[17:17:01] [Server thread/INFO]: [Essentials] ServerListPingEvent: Spigot iterator API
[17:17:01] [Server thread/INFO]: [Essentials] Starting Metrics. Opt-out using the global bStats config.
[17:17:01] [Server thread/WARN]: [Essentials] Detected supported permissions plugin LuckPerms without Vault installed.
[17:17:01] [Server thread/WARN]: [Essentials] Features such as chat prefixes/suffixes and group-related functionality will not work until you install Vault.
[17:17:01] [Server thread/INFO]: [Essentials] Using superperms-based permissions.
[17:17:01] [Server thread/INFO]: [PlasmoVoice] Enabling PlasmoVoice v1.0.10
[17:17:01] [Server thread/INFO]: [PlaceholderAPI] Successfully registered expansion: plasmovoice [1.0.0]
[17:17:01] [Server thread/INFO]: [AuthMe] Enabling AuthMe v5.6.0-beta2-b2453
[17:17:01] [Thread-21/INFO]: [PlasmoVoice] Voice UDP server started on /0.0.0.0:25565
[17:17:01] [Server thread/INFO]: [AuthMe] SQLite Setup finished
[17:17:01] [Server thread/INFO]: [AuthMe] Hooked into LuckPerms!
[17:17:01] [Server thread/INFO]: [AuthMe] Hooked successfully into Essentials
[17:17:01] [Server thread/INFO]: [AuthMe] Hooked successfully into Multiverse-Core
[17:17:01] [Server thread/INFO]: [AuthMe] Essentials spawn file not found: 'C:\Users\stepa\Documents\GitHub\TheStepashich\plugins\Essentials\spawn.yml'
[17:17:01] [Server thread/INFO]: [AuthMe] AuthMe 5.6.0-beta2 build n.2453 successfully enabled!
[17:17:02] [Server thread/INFO]: [StaffPlus] Enabling StaffPlus v1.16.108
[17:17:04] [Server thread/INFO]: [StaffPlus] Using SQLITE storage
[17:17:04] [Server thread/INFO]: [StaffPlus] No custom staff mode modules to load
[17:17:04] [Server thread/INFO]: [StaffPlus] Permissions handled by Bukkit
[17:17:04] [Server thread/INFO]: [StaffPlus] Hooked into PlaceholderAPI 2.11.2
[17:17:05] [Server thread/INFO]: [StaffPlus] No styles directory present
[17:17:05] [Server thread/INFO]: [StaffPlus] Luckperms enabled
[17:17:05] [Server thread/INFO]: [StaffPlus] Registering 'StaffMode' calculator.
[17:17:05] [Server thread/INFO]: [StaffPlus] Registering 'Frozen' calculator.
[17:17:05] [Server thread/INFO]: [StaffPlus] Registering 'Vanished' calculator.
[17:17:05] [Server thread/INFO]: [StaffPlus] Staff++ has been enabled!
[17:17:05] [Server thread/INFO]: [StaffPlus] Plugin created by Shortninja continued by Qball - Revisited by Garagepoort
[17:17:05] [Server thread/INFO]: [ntdRpChat] Enabling ntdRpChat v2.6.8
[17:17:05] [Server thread/INFO]: [ntdRpChat] Starting RpChat (ntdRpChat) v2.6.8
[17:17:05] [Server thread/INFO]: [ntdRpChat] user: BM, resource ID: top, nonce: FBM
[17:17:05] [Server thread/INFO]: [ntdRpChat]   ???????????????????????????????????????????????????
[17:17:05] [Server thread/INFO]: [ntdRpChat]   ???????????????????????????????????????????????????
[17:17:05] [Server thread/INFO]: [ntdRpChat]   ???????????????????????????????????????????????????
[17:17:05] [Server thread/INFO]: [ntdRpChat]   ?????????????????????????????????????????????????
[17:17:05] [Server thread/INFO]: [ntdRpChat]   ?????????????????????????????????????????????????
[17:17:05] [Server thread/INFO]: [ntdRpChat]   ?????????????????????????????????????????????????   NTD
[17:17:05] [Server thread/INFO]: [ntdRpChat]           Made with love by DenBeKKer
[17:17:05] [Server thread/INFO]: [ntdRpChat] 
[17:17:05] [Server thread/INFO]: [ntdRpChat] =-= SUPPORT & BUG REPORTING & FEATURE REQUESTING =-=
[17:17:05] [Server thread/INFO]: [ntdRpChat]  > Discord - https://discord.com/JaqHfqZfRT
[17:17:05] [Server thread/INFO]: [ntdRpChat]  > Vkontakte - https://vk.com/danirodplay (Rus)
[17:17:05] [Server thread/INFO]: [ntdRpChat] =-= SUPPORT & BUG REPORTING & FEATURE REQUESTING =-=
[17:17:05] [Server thread/INFO]: [ntdRpChat] Loading config...
[17:17:05] [Server thread/INFO]: [ntdRpChat] Loading head-chat-module...
[17:17:05] [Server thread/INFO]: [ntdRpChat] Chat-head-module was enabled...
[17:17:05] [Server thread/INFO]: [ntdRpChat] Loading chat formats...
[17:17:05] [Server thread/INFO]: [ntdRpChat] Loading hooks...
[17:17:05] [Server thread/INFO]: [ntdRpChat] PlaceholderAPI hook enabled
[17:17:05] [Server thread/INFO]: [ntdRpChat] Oraxen not found
[17:17:05] [Server thread/INFO]: [ntdRpChat] ItemsAdder not found
[17:17:05] [Server thread/INFO]: [ntdRpChat] Loading placeholders...
[17:17:05] [Server thread/INFO]: [ntdRpChat] Loaded placeholder rpchat_prefix with plain text %vault_prefix%, 3 annotations
[17:17:05] [Server thread/INFO]: [ntdRpChat] Loaded placeholder rpchat_suffix with plain text %vault_suffix%, 3 annotations
[17:17:05] [Server thread/INFO]: [ntdRpChat] Loaded placeholder rpchat_name with plain text %player%, 1 annotations
[17:17:05] [Server thread/INFO]: [ntdRpChat] Successfully reloaded (took 64ms)
[17:17:05] [Server thread/INFO]: [ntdRpChat] Registering commands...
[17:17:05] [Server thread/INFO]: [ntdRpChat] Registering command hook ntdrpchat (g)
[17:17:05] [Server thread/INFO]: [ntdRpChat] Registering command hook rpchat (g)
[17:17:05] [Server thread/INFO]: [ntdRpChat] Registering command hook ntdme (e)
[17:17:05] [Server thread/INFO]: [ntdRpChat] Registering command hook me (e)
[17:17:05] [Server thread/INFO]: [ntdRpChat] Registering command hook ntddo (d)
[17:17:05] [Server thread/INFO]: [ntdRpChat] Registering command hook do (d)
[17:17:05] [Server thread/INFO]: [ntdRpChat] Registering command hook ntdtry (h)
[17:17:05] [Server thread/INFO]: [ntdRpChat] Registering command hook try (h)
[17:17:05] [Server thread/INFO]: [ntdRpChat] Registering command hook ntdroll (f)
[17:17:05] [Server thread/INFO]: [ntdRpChat] Registering command hook roll (f)
[17:17:06] [Server thread/INFO]: [PlaceholderAPI] Placeholder expansion registration initializing...
[17:17:06] [Server thread/INFO]: Running delayed init tasks
[17:17:06] [Server thread/INFO]: [ViaVersion] ViaVersion detected server version: 1.16.4/5 (754)
[17:17:06] [Server thread/WARN]: [ViaVersion] You are running an outdated Java version, please consider updating it to at least Java 17 (your version is 1.8.0_311). At some point in the future, ViaVersion will no longer be compatible with this version of Java.
[17:17:06] [Server thread/INFO]: 0 placeholder hook(s) registered!
[17:17:06] [Server thread/INFO]: [ViaVersion] Finished mapping loading, shutting down loader executor!
[17:17:06] [Server thread/INFO]: Done (36.133s)! For help, type "help"
[17:17:06] [Server thread/WARN]: [io.papermc.paper.util.PaperJvmChecker] ************************************************************
[17:17:06] [Server thread/WARN]: [io.papermc.paper.util.PaperJvmChecker] * WARNING - YOU ARE RUNNING AN OUTDATED VERSION OF JAVA.
[17:17:06] [Server thread/WARN]: [io.papermc.paper.util.PaperJvmChecker] * PAPER WILL STOP BEING COMPATIBLE WITH THIS VERSION OF
[17:17:06] [Server thread/WARN]: [io.papermc.paper.util.PaperJvmChecker] * JAVA WHEN MINECRAFT 1.17 IS RELEASED.
[17:17:06] [Server thread/WARN]: [io.papermc.paper.util.PaperJvmChecker] *
[17:17:06] [Server thread/WARN]: [io.papermc.paper.util.PaperJvmChecker] * Please update the version of Java you use to run Paper
[17:17:06] [Server thread/WARN]: [io.papermc.paper.util.PaperJvmChecker] * to at least Java 16. When Paper for Minecraft 1.17 is
[17:17:06] [Server thread/WARN]: [io.papermc.paper.util.PaperJvmChecker] * released support for versions of Java before 16 will
[17:17:06] [Server thread/WARN]: [io.papermc.paper.util.PaperJvmChecker] * be dropped.
[17:17:06] [Server thread/WARN]: [io.papermc.paper.util.PaperJvmChecker] *
[17:17:06] [Server thread/WARN]: [io.papermc.paper.util.PaperJvmChecker] * Current Java version: 1.8.0_311
[17:17:06] [Server thread/WARN]: [io.papermc.paper.util.PaperJvmChecker] *
[17:17:06] [Server thread/WARN]: [io.papermc.paper.util.PaperJvmChecker] * Check this forum post for more information: 
[17:17:06] [Server thread/WARN]: [io.papermc.paper.util.PaperJvmChecker] *   https://papermc.io/java16
[17:17:06] [Server thread/WARN]: [io.papermc.paper.util.PaperJvmChecker] ************************************************************
[17:17:06] [Server thread/INFO]: Timings Reset
[17:17:06] [Craft Scheduler Thread - 11 - Essentials/INFO]: [Essentials] Получение информации о версии...
[17:17:06] [Craft Scheduler Thread - 15 - AuthMe/INFO]: [AuthMe] Downloading GEO IP database, because the old database is older than 30 days or doesn't exist
[17:17:06] [Craft Scheduler Thread - 15 - AuthMe/WARN]: [AuthMe] No MaxMind credentials found in the configuration file! GeoIp protections will be disabled.
[17:17:06] [Craft Scheduler Thread - 15 - AuthMe/INFO]: [AuthMe] There is no newer GEO IP database uploaded to MaxMind. Using the old one for now.
[17:17:06] [Craft Scheduler Thread - 15 - AuthMe/WARN]: [AuthMe] Could not download GeoLiteAPI database [FileNotFoundException]: plugins\AuthMe\GeoLite2-Country.mmdb (Не удается найти указанный файл)
[17:17:06] [Craft Scheduler Thread - 7 - SkinsRestorer/INFO]: [33;1m[[32;22mSkinsRestorer[33;1m] [0;39m[32;1m----------------------------------------------[0;39m
[17:17:06] [Craft Scheduler Thread - 7 - SkinsRestorer/INFO]: [33;1m[[32;22mSkinsRestorer[33;1m] [0;39m[32;1m    +==================+[0;39m
[17:17:06] [Craft Scheduler Thread - 7 - SkinsRestorer/INFO]: [33;1m[[32;22mSkinsRestorer[33;1m] [0;39m[32;1m    |   SkinsRestorer  |[0;39m
[17:17:06] [Craft Scheduler Thread - 7 - SkinsRestorer/INFO]: [33;1m[[32;22mSkinsRestorer[33;1m] [0;39m[32;1m    |------------------|[0;39m
[17:17:06] [Craft Scheduler Thread - 7 - SkinsRestorer/INFO]: [33;1m[[32;22mSkinsRestorer[33;1m] [0;39m[32;1m    |  [34;1m[4m[21mStandalone Mode[32;1m |[0;39m
[17:17:06] [Craft Scheduler Thread - 7 - SkinsRestorer/INFO]: [33;1m[[32;22mSkinsRestorer[33;1m] [0;39m[32;1m    +==================+[0;39m
[17:17:06] [Craft Scheduler Thread - 7 - SkinsRestorer/INFO]: [33;1m[[32;22mSkinsRestorer[33;1m] [0;39m[32;1m----------------------------------------------[0;39m
[17:17:06] [Craft Scheduler Thread - 7 - SkinsRestorer/INFO]: [33;1m[[32;22mSkinsRestorer[33;1m] [0;39m[36;1m    Current version: [32;1m14.2.1[0;39m
[17:17:06] [Craft Scheduler Thread - 7 - SkinsRestorer/INFO]: [33;1m[[32;22mSkinsRestorer[33;1m] [0;39m[32;1m    This is the latest version![0;39m
[17:17:06] [Craft Scheduler Thread - 7 - SkinsRestorer/INFO]: [33;1m[[32;22mSkinsRestorer[33;1m] [0;39m[32;1m----------------------------------------------[0;39m
[17:17:07] [Craft Scheduler Thread - 11 - Essentials/WARN]: [Essentials] Вы отстаете на 7 сборок EssentialsX!
[17:17:07] [Craft Scheduler Thread - 11 - Essentials/WARN]: [Essentials] Скачайте её отсюда: https://essentialsx.net/downloads.html
[17:17:07] [Thread-23/INFO]: --------------------
[17:17:07] [Thread-23/INFO]: [CoreProtect] Version 21.2 is now available.
[17:17:07] [Thread-23/INFO]: [CoreProtect] Download: www.coreprotect.net/download/
[17:17:07] [Thread-23/INFO]: --------------------
[17:17:07] [OkHttp https://staffplusplus.org/.../INFO]: ============================================================
[17:17:07] [OkHttp https://staffplusplus.org/.../INFO]: =           A new Version of Staff++ is available          =
[17:17:07] [OkHttp https://staffplusplus.org/.../INFO]: =                         Visit                            =
[17:17:07] [OkHttp https://staffplusplus.org/.../INFO]: =  https://www.spigotmc.org/resources/staff.83562/history  =
[17:17:07] [OkHttp https://staffplusplus.org/.../INFO]: =               to update your version!                    =
[17:17:07] [OkHttp https://staffplusplus.org/.../INFO]: ============================================================
[17:17:10] [Craft Scheduler Thread - 11 - ntdRpChat/INFO]: [ntdRpChat] ?
[17:17:10] [Craft Scheduler Thread - 11 - ntdRpChat/INFO]: [ntdRpChat] ?   [!] New plugin version for RpChat has been released!
[17:17:10] [Craft Scheduler Thread - 11 - ntdRpChat/INFO]: [ntdRpChat] ? Your current version is 2.6.8. New version is 2.6.9
[17:17:10] [Craft Scheduler Thread - 11 - ntdRpChat/INFO]: [ntdRpChat] ? Check https://www.spigotmc.org/resources/94516  ^_^
[17:17:10] [Craft Scheduler Thread - 11 - ntdRpChat/INFO]: [ntdRpChat] ?
[17:17:35] [User Authenticator #1/WARN]: [LuckPerms] LuckPerms already has data for player 'TheStepashich' - but this data is stored under a different UUID.
[17:17:35] [User Authenticator #1/WARN]: [LuckPerms] 'TheStepashich' has previously used the unique ids [3100af44-d284-4a92-8d23-c984939676ef] but is now connecting with '1bdf6237-d697-34e8-93ed-b103557e4777'
[17:17:35] [User Authenticator #1/WARN]: [LuckPerms] The UUID the player is connecting with now is NOT Mojang-assigned (type 3). This implies that THIS server is not authenticating correctly, but one (or more) of the other servers/proxies in the network are.
[17:17:35] [User Authenticator #1/WARN]: [LuckPerms] If you're using BungeeCord/Velocity, please ensure that IP-Forwarding is setup correctly on all of your backend servers!
[17:17:35] [User Authenticator #1/WARN]: [LuckPerms] See here for more info: https://luckperms.net/wiki/Network-Installation#pre-setup
[17:17:35] [User Authenticator #1/INFO]: UUID of player TheStepashich is 1bdf6237-d697-34e8-93ed-b103557e4777
[17:17:35] [ForkJoinPool.commonPool-worker-2/INFO]: [Essentials] Found new UUID for TheStepashich. Replacing 3100af44-d284-4a92-8d23-c984939676ef with 1bdf6237-d697-34e8-93ed-b103557e4777
[17:17:36] [Server thread/INFO]: TheStepashich[/127.0.0.1:54240] logged in with entity id 195 at ([world]-204.5, 66.0, 125.5)
[17:17:40] [Server thread/WARN]: org.bukkit.plugin.messaging.MessageTooLargeException: Attempted to send a plugin message that was too large. The maximum length a plugin message may be is 32766 bytes (tried to send one that is 52450 bytes long).
[17:17:40] [Server thread/WARN]: 	at org.bukkit.plugin.messaging.StandardMessenger.validatePluginMessage(StandardMessenger.java:547)
[17:17:40] [Server thread/WARN]: 	at org.bukkit.craftbukkit.v1_16_R3.entity.CraftPlayer.sendPluginMessage(CraftPlayer.java:1608)
[17:17:40] [Server thread/WARN]: 	at io.github.kosmx.emotes.bukkit.network.BukkitNetworkInstance.sendMessage(BukkitNetworkInstance.java:34)
[17:17:40] [Server thread/WARN]: 	at io.github.kosmx.emotes.api.proxy.AbstractNetworkInstance.sendMessage(AbstractNetworkInstance.java:47)
[17:17:40] [Server thread/WARN]: 	at io.github.kosmx.emotes.api.proxy.AbstractNetworkInstance.sendMessage(AbstractNetworkInstance.java:65)
[17:17:40] [Server thread/WARN]: 	at io.github.kosmx.emotes.server.network.IServerNetworkInstance.presenceResponse(IServerNetworkInstance.java:17)
[17:17:40] [Server thread/WARN]: 	at io.github.kosmx.emotes.server.network.AbstractServerEmotePlay.receiveMessage(AbstractServerEmotePlay.java:86)
[17:17:40] [Server thread/WARN]: 	at io.github.kosmx.emotes.server.network.AbstractServerEmotePlay.receiveMessage(AbstractServerEmotePlay.java:75)
[17:17:40] [Server thread/WARN]: 	at io.github.kosmx.emotes.bukkit.network.ServerSideEmotePlay.receivePluginMessage(ServerSideEmotePlay.java:43)
[17:17:40] [Server thread/WARN]: 	at org.bukkit.plugin.messaging.StandardMessenger.dispatchIncomingMessage(StandardMessenger.java:455)
[17:17:40] [Server thread/WARN]: 	at net.minecraft.server.v1_16_R3.PlayerConnection.a(PlayerConnection.java:3236)
[17:17:40] [Server thread/WARN]: 	at net.minecraft.server.v1_16_R3.PacketPlayInCustomPayload.a(SourceFile:44)
[17:17:40] [Server thread/WARN]: 	at net.minecraft.server.v1_16_R3.PacketPlayInCustomPayload.a(SourceFile:9)
[17:17:40] [Server thread/WARN]: 	at net.minecraft.server.v1_16_R3.PlayerConnectionUtils.lambda$ensureMainThread$1(PlayerConnectionUtils.java:55)
[17:17:40] [Server thread/WARN]: 	at net.minecraft.server.v1_16_R3.TickTask.run(SourceFile:18)
[17:17:40] [Server thread/WARN]: 	at net.minecraft.server.v1_16_R3.IAsyncTaskHandler.executeTask(IAsyncTaskHandler.java:136)
[17:17:40] [Server thread/WARN]: 	at net.minecraft.server.v1_16_R3.IAsyncTaskHandlerReentrant.executeTask(SourceFile:23)
[17:17:40] [Server thread/WARN]: 	at net.minecraft.server.v1_16_R3.IAsyncTaskHandler.executeNext(IAsyncTaskHandler.java:109)
[17:17:40] [Server thread/WARN]: 	at net.minecraft.server.v1_16_R3.MinecraftServer.bb(MinecraftServer.java:1339)
[17:17:40] [Server thread/WARN]: 	at net.minecraft.server.v1_16_R3.MinecraftServer.executeNext(MinecraftServer.java:1332)
[17:17:40] [Server thread/WARN]: 	at net.minecraft.server.v1_16_R3.IAsyncTaskHandler.awaitTasks(IAsyncTaskHandler.java:119)
[17:17:40] [Server thread/WARN]: 	at net.minecraft.server.v1_16_R3.MinecraftServer.a(MinecraftServer.java:1407)
[17:17:40] [Server thread/WARN]: 	at net.minecraft.server.v1_16_R3.MinecraftServer.w(MinecraftServer.java:1142)
[17:17:40] [Server thread/WARN]: 	at net.minecraft.server.v1_16_R3.MinecraftServer.lambda$a$0(MinecraftServer.java:293)
[17:17:40] [Server thread/WARN]: 	at java.lang.Thread.run(Unknown Source)
[17:17:57] [Craft Scheduler Thread - 10 - AuthMe/INFO]: [AuthMe] TheStepashich logged in 127.0.0.1
[17:17:57] [Server thread/INFO]: TheStepashich присоединился
[17:18:33] [Server thread/INFO]: Made TheStepashich a server operator
[17:18:40] [Server thread/INFO]: TheStepashich issued server command: /gm 1
[17:18:40] [Server thread/INFO]: TheStepashich issued mycmd (gamemode_alias) command /gm 1
[17:18:40] [Server thread/INFO]: TheStepashich issued server command: /gamemode 1
[17:20:08] [Server thread/INFO]: TheStepashich lost connection: Disconnected
[17:20:08] [Server thread/INFO]: TheStepashich left the game
[17:20:10] [User Authenticator #2/INFO]: UUID of player TheStepashich is 1bdf6237-d697-34e8-93ed-b103557e4777
[17:20:10] [Server thread/INFO]: TheStepashich[/127.0.0.1:54256] logged in with entity id 905 at ([world]107.42684369176192, 65.0, -1.7132790323661637)
[17:20:11] [Server thread/WARN]: org.bukkit.plugin.messaging.MessageTooLargeException: Attempted to send a plugin message that was too large. The maximum length a plugin message may be is 32766 bytes (tried to send one that is 52450 bytes long).
[17:20:11] [Server thread/WARN]: 	at org.bukkit.plugin.messaging.StandardMessenger.validatePluginMessage(StandardMessenger.java:547)
[17:20:11] [Server thread/WARN]: 	at org.bukkit.craftbukkit.v1_16_R3.entity.CraftPlayer.sendPluginMessage(CraftPlayer.java:1608)
[17:20:11] [Server thread/WARN]: 	at io.github.kosmx.emotes.bukkit.network.BukkitNetworkInstance.sendMessage(BukkitNetworkInstance.java:34)
[17:20:11] [Server thread/WARN]: 	at io.github.kosmx.emotes.api.proxy.AbstractNetworkInstance.sendMessage(AbstractNetworkInstance.java:47)
[17:20:11] [Server thread/WARN]: 	at io.github.kosmx.emotes.api.proxy.AbstractNetworkInstance.sendMessage(AbstractNetworkInstance.java:65)
[17:20:11] [Server thread/WARN]: 	at io.github.kosmx.emotes.server.network.IServerNetworkInstance.presenceResponse(IServerNetworkInstance.java:17)
[17:20:11] [Server thread/WARN]: 	at io.github.kosmx.emotes.server.network.AbstractServerEmotePlay.receiveMessage(AbstractServerEmotePlay.java:86)
[17:20:11] [Server thread/WARN]: 	at io.github.kosmx.emotes.server.network.AbstractServerEmotePlay.receiveMessage(AbstractServerEmotePlay.java:75)
[17:20:11] [Server thread/WARN]: 	at io.github.kosmx.emotes.bukkit.network.ServerSideEmotePlay.receivePluginMessage(ServerSideEmotePlay.java:43)
[17:20:11] [Server thread/WARN]: 	at org.bukkit.plugin.messaging.StandardMessenger.dispatchIncomingMessage(StandardMessenger.java:455)
[17:20:11] [Server thread/WARN]: 	at net.minecraft.server.v1_16_R3.PlayerConnection.a(PlayerConnection.java:3236)
[17:20:11] [Server thread/WARN]: 	at net.minecraft.server.v1_16_R3.PacketPlayInCustomPayload.a(SourceFile:44)
[17:20:11] [Server thread/WARN]: 	at net.minecraft.server.v1_16_R3.PacketPlayInCustomPayload.a(SourceFile:9)
[17:20:11] [Server thread/WARN]: 	at net.minecraft.server.v1_16_R3.PlayerConnectionUtils.lambda$ensureMainThread$1(PlayerConnectionUtils.java:55)
[17:20:11] [Server thread/WARN]: 	at net.minecraft.server.v1_16_R3.TickTask.run(SourceFile:18)
[17:20:11] [Server thread/WARN]: 	at net.minecraft.server.v1_16_R3.IAsyncTaskHandler.executeTask(IAsyncTaskHandler.java:136)
[17:20:11] [Server thread/WARN]: 	at net.minecraft.server.v1_16_R3.IAsyncTaskHandlerReentrant.executeTask(SourceFile:23)
[17:20:11] [Server thread/WARN]: 	at net.minecraft.server.v1_16_R3.IAsyncTaskHandler.executeNext(IAsyncTaskHandler.java:109)
[17:20:11] [Server thread/WARN]: 	at net.minecraft.server.v1_16_R3.MinecraftServer.bb(MinecraftServer.java:1339)
[17:20:11] [Server thread/WARN]: 	at net.minecraft.server.v1_16_R3.MinecraftServer.executeNext(MinecraftServer.java:1332)
[17:20:11] [Server thread/WARN]: 	at net.minecraft.server.v1_16_R3.IAsyncTaskHandler.awaitTasks(IAsyncTaskHandler.java:119)
[17:20:11] [Server thread/WARN]: 	at net.minecraft.server.v1_16_R3.MinecraftServer.a(MinecraftServer.java:1407)
[17:20:11] [Server thread/WARN]: 	at net.minecraft.server.v1_16_R3.MinecraftServer.w(MinecraftServer.java:1142)
[17:20:11] [Server thread/WARN]: 	at net.minecraft.server.v1_16_R3.MinecraftServer.lambda$a$0(MinecraftServer.java:293)
[17:20:11] [Server thread/WARN]: 	at java.lang.Thread.run(Unknown Source)
[17:20:12] [Craft Scheduler Thread - 54 - AuthMe/INFO]: [AuthMe] TheStepashich logged in 127.0.0.1
[17:20:12] [Server thread/INFO]: TheStepashich присоединился
[17:20:27] [Server thread/INFO]: TheStepashich issued server command: /gm 1
[17:20:27] [Server thread/INFO]: TheStepashich issued mycmd (gamemode_alias) command /gm 1
[17:20:27] [Server thread/INFO]: TheStepashich issued server command: /gamemode 1
[17:22:19] [Server thread/INFO]: TheStepashich issued server command: /emotd
[17:36:19] [Server thread/INFO]: TheStepashich lost connection: Disconnected
[17:36:19] [Server thread/INFO]: TheStepashich left the game
[17:36:33] [User Authenticator #3/INFO]: UUID of player TheStepashich is 1bdf6237-d697-34e8-93ed-b103557e4777
[17:36:34] [Server thread/INFO]: TheStepashich[/127.0.0.1:54400] logged in with entity id 2809 at ([world]103.3859611757383, 65.0, -17.30000001192093)
[17:36:34] [Craft Scheduler Thread - 71 - AuthMe/INFO]: [AuthMe] TheStepashich logged in 127.0.0.1
[17:36:34] [Server thread/WARN]: org.bukkit.plugin.messaging.MessageTooLargeException: Attempted to send a plugin message that was too large. The maximum length a plugin message may be is 32766 bytes (tried to send one that is 52450 bytes long).
[17:36:34] [Server thread/WARN]: 	at org.bukkit.plugin.messaging.StandardMessenger.validatePluginMessage(StandardMessenger.java:547)
[17:36:34] [Server thread/WARN]: 	at org.bukkit.craftbukkit.v1_16_R3.entity.CraftPlayer.sendPluginMessage(CraftPlayer.java:1608)
[17:36:34] [Server thread/WARN]: 	at io.github.kosmx.emotes.bukkit.network.BukkitNetworkInstance.sendMessage(BukkitNetworkInstance.java:34)
[17:36:34] [Server thread/WARN]: 	at io.github.kosmx.emotes.api.proxy.AbstractNetworkInstance.sendMessage(AbstractNetworkInstance.java:47)
[17:36:34] [Server thread/WARN]: 	at io.github.kosmx.emotes.api.proxy.AbstractNetworkInstance.sendMessage(AbstractNetworkInstance.java:65)
[17:36:34] [Server thread/WARN]: 	at io.github.kosmx.emotes.server.network.IServerNetworkInstance.presenceResponse(IServerNetworkInstance.java:17)
[17:36:34] [Server thread/WARN]: 	at io.github.kosmx.emotes.server.network.AbstractServerEmotePlay.receiveMessage(AbstractServerEmotePlay.java:86)
[17:36:34] [Server thread/WARN]: 	at io.github.kosmx.emotes.server.network.AbstractServerEmotePlay.receiveMessage(AbstractServerEmotePlay.java:75)
[17:36:34] [Server thread/WARN]: 	at io.github.kosmx.emotes.bukkit.network.ServerSideEmotePlay.receivePluginMessage(ServerSideEmotePlay.java:43)
[17:36:34] [Server thread/WARN]: 	at org.bukkit.plugin.messaging.StandardMessenger.dispatchIncomingMessage(StandardMessenger.java:455)
[17:36:34] [Server thread/WARN]: 	at net.minecraft.server.v1_16_R3.PlayerConnection.a(PlayerConnection.java:3236)
[17:36:34] [Server thread/WARN]: 	at net.minecraft.server.v1_16_R3.PacketPlayInCustomPayload.a(SourceFile:44)
[17:36:34] [Server thread/WARN]: 	at net.minecraft.server.v1_16_R3.PacketPlayInCustomPayload.a(SourceFile:9)
[17:36:34] [Server thread/WARN]: 	at net.minecraft.server.v1_16_R3.PlayerConnectionUtils.lambda$ensureMainThread$1(PlayerConnectionUtils.java:55)
[17:36:34] [Server thread/WARN]: 	at net.minecraft.server.v1_16_R3.TickTask.run(SourceFile:18)
[17:36:34] [Server thread/WARN]: 	at net.minecraft.server.v1_16_R3.IAsyncTaskHandler.executeTask(IAsyncTaskHandler.java:136)
[17:36:34] [Server thread/WARN]: 	at net.minecraft.server.v1_16_R3.IAsyncTaskHandlerReentrant.executeTask(SourceFile:23)
[17:36:34] [Server thread/WARN]: 	at net.minecraft.server.v1_16_R3.IAsyncTaskHandler.executeNext(IAsyncTaskHandler.java:109)
[17:36:34] [Server thread/WARN]: 	at net.minecraft.server.v1_16_R3.MinecraftServer.bb(MinecraftServer.java:1339)
[17:36:34] [Server thread/WARN]: 	at net.minecraft.server.v1_16_R3.MinecraftServer.executeNext(MinecraftServer.java:1332)
[17:36:34] [Server thread/WARN]: 	at net.minecraft.server.v1_16_R3.IAsyncTaskHandler.awaitTasks(IAsyncTaskHandler.java:119)
[17:36:34] [Server thread/WARN]: 	at net.minecraft.server.v1_16_R3.MinecraftServer.a(MinecraftServer.java:1407)
[17:36:34] [Server thread/WARN]: 	at net.minecraft.server.v1_16_R3.MinecraftServer.w(MinecraftServer.java:1142)
[17:36:34] [Server thread/WARN]: 	at net.minecraft.server.v1_16_R3.MinecraftServer.lambda$a$0(MinecraftServer.java:293)
[17:36:34] [Server thread/WARN]: 	at java.lang.Thread.run(Unknown Source)
[17:36:35] [Server thread/INFO]: TheStepashich присоединился
[17:36:43] [Async Chat Thread - #0/WARN]: [ChatEmojis] Loaded class me.clip.placeholderapi.PlaceholderAPI from PlaceholderAPI v2.11.2 which is not a depend, softdepend or loadbefore of this plugin.
[17:36:43] [Async Chat Thread - #0/INFO]: [?]TheStepashich ? ?.
[17:37:00] [Server thread/INFO]: TheStepashich issued server command: /day
[17:37:10] [Server thread/INFO]: TheStepashich issued server command: /gm 1
[17:37:10] [Server thread/INFO]: TheStepashich issued mycmd (gamemode_alias) command /gm 1
[17:37:10] [Server thread/INFO]: TheStepashich issued server command: /gamemode 1
[17:40:22] [Server thread/INFO]: TheStepashich issued server command: /chat clear
[17:40:22] [Server thread/INFO]: 
[17:40:22] [Server thread/INFO]: 
[17:40:22] [Server thread/INFO]: 
[17:40:22] [Server thread/INFO]: 
[17:40:22] [Server thread/INFO]: 
[17:40:22] [Server thread/INFO]: 
[17:40:22] [Server thread/INFO]: 
[17:40:22] [Server thread/INFO]: 
[17:40:22] [Server thread/INFO]: 
[17:40:22] [Server thread/INFO]: 
[17:40:22] [Server thread/INFO]: 
[17:40:22] [Server thread/INFO]: 
[17:40:22] [Server thread/INFO]: 
[17:40:22] [Server thread/INFO]: 
[17:40:22] [Server thread/INFO]: 
[17:40:22] [Server thread/INFO]: 
[17:40:22] [Server thread/INFO]: 
[17:40:22] [Server thread/INFO]: 
[17:40:22] [Server thread/INFO]: 
[17:40:22] [Server thread/INFO]: 
[17:40:22] [Server thread/INFO]: 
[17:40:22] [Server thread/INFO]: 
[17:40:22] [Server thread/INFO]: 
[17:40:22] [Server thread/INFO]: 
[17:40:22] [Server thread/INFO]: 
[17:40:22] [Server thread/INFO]: 
[17:40:22] [Server thread/INFO]: 
[17:40:22] [Server thread/INFO]: 
[17:40:22] [Server thread/INFO]: 
[17:40:22] [Server thread/INFO]: 
[17:40:22] [Server thread/INFO]: 
[17:40:22] [Server thread/INFO]: 
[17:40:22] [Server thread/INFO]: 
[17:40:22] [Server thread/INFO]: 
[17:40:22] [Server thread/INFO]: 
[17:40:22] [Server thread/INFO]: 
[17:40:22] [Server thread/INFO]: 
[17:40:22] [Server thread/INFO]: 
[17:40:22] [Server thread/INFO]: 
[17:40:22] [Server thread/INFO]: 
[17:40:22] [Server thread/INFO]: 
[17:40:22] [Server thread/INFO]: 
[17:40:22] [Server thread/INFO]: 
[17:40:22] [Server thread/INFO]: 
[17:40:22] [Server thread/INFO]: 
[17:40:22] [Server thread/INFO]: 
[17:40:22] [Server thread/INFO]: 
[17:40:22] [Server thread/INFO]: 
[17:40:22] [Server thread/INFO]: 
[17:40:22] [Server thread/INFO]: 
[17:40:22] [Server thread/INFO]: 
[17:40:22] [Server thread/INFO]: 
[17:40:22] [Server thread/INFO]: 
[17:40:22] [Server thread/INFO]: 
[17:40:22] [Server thread/INFO]: 
[17:40:22] [Server thread/INFO]: 
[17:40:22] [Server thread/INFO]: 
[17:40:22] [Server thread/INFO]: 
[17:40:22] [Server thread/INFO]: 
[17:40:22] [Server thread/INFO]: 
[17:40:22] [Server thread/INFO]: 
[17:40:22] [Server thread/INFO]: 
[17:40:22] [Server thread/INFO]: 
[17:40:22] [Server thread/INFO]: 
[17:40:22] [Server thread/INFO]: 
[17:40:22] [Server thread/INFO]: 
[17:40:22] [Server thread/INFO]: 
[17:40:22] [Server thread/INFO]: 
[17:40:22] [Server thread/INFO]: 
[17:40:22] [Server thread/INFO]: 
[17:40:22] [Server thread/INFO]: 
[17:40:22] [Server thread/INFO]: 
[17:40:22] [Server thread/INFO]: 
[17:40:22] [Server thread/INFO]: 
[17:40:22] [Server thread/INFO]: 
[17:40:22] [Server thread/INFO]: 
[17:40:22] [Server thread/INFO]: 
[17:40:22] [Server thread/INFO]: 
[17:40:22] [Server thread/INFO]: 
[17:40:22] [Server thread/INFO]: 
[17:40:22] [Server thread/INFO]: 
[17:40:22] [Server thread/INFO]: 
[17:40:22] [Server thread/INFO]: 
[17:40:22] [Server thread/INFO]: 
[17:40:22] [Server thread/INFO]: 
[17:40:22] [Server thread/INFO]: 
[17:40:22] [Server thread/INFO]: 
[17:40:22] [Server thread/INFO]: 
[17:40:22] [Server thread/INFO]: 
[17:40:22] [Server thread/INFO]: 
[17:40:22] [Server thread/INFO]: 
[17:40:22] [Server thread/INFO]: 
[17:40:22] [Server thread/INFO]: 
[17:40:22] [Server thread/INFO]: 
[17:40:22] [Server thread/INFO]: 
[17:40:22] [Server thread/INFO]: 
[17:40:22] [Server thread/INFO]: 
[17:40:22] [Server thread/INFO]: 
[17:40:22] [Server thread/INFO]: 
[17:40:22] [Server thread/INFO]: 
[17:40:22] [Server thread/INFO]: Staff++ » Чат был очищен TheStepashich.
[17:40:27] [Async Chat Thread - #1/INFO]: [?]TheStepashich ? ?.
[17:44:03] [Server thread/INFO]: TheStepashich issued server command: /rain
[17:44:14] [Server thread/INFO]: TheStepashich issued server command: /weather sun
[17:44:19] [Server thread/INFO]: TheStepashich issued server command: /sun
[17:44:25] [Server thread/INFO]: TheStepashich issued server command: /ul
[17:44:49] [Server thread/INFO]: TheStepashich issued server command: /ul TheStepashich TheStepashich
[17:44:52] [Server thread/INFO]: TheStepashich issued server command: /ul TheStepashich
[17:45:07] [Server thread/INFO]: TheStepashich issued server command: /ping
[17:45:08] [Server thread/INFO]: TheStepashich issued server command: /ping
[17:45:09] [Server thread/INFO]: TheStepashich issued server command: /ping
[17:45:25] [Server thread/INFO]: TheStepashich issued server command: /tpsbar
[17:45:29] [Server thread/INFO]: TheStepashich issued server command: /tpsbar
[17:45:44] [Server thread/INFO]: TheStepashich issued server command: /wb
[17:46:03] [Server thread/INFO]: TheStepashich issued server command: /otp
[17:46:15] [Server thread/INFO]: TheStepashich issued server command: /otp TheStepashich
[17:46:28] [Server thread/INFO]: TheStepashich issued server command: /offlinetp
[17:46:51] [Server thread/INFO]: TheStepashich issued server command: /tpa
[17:47:05] [Server thread/INFO]: TheStepashich lost connection: Disconnected
[17:47:05] [Server thread/INFO]: TheStepashich left the game
[17:47:27] [Server thread/INFO]: Stopping server
[17:47:27] [Server thread/INFO]: [ntdRpChat] Disabling ntdRpChat v2.6.8
[17:47:27] [Server thread/INFO]: [StaffPlus] Disabling StaffPlus v1.16.108
[17:47:27] [Server thread/INFO]: [StaffPlus] Staff++ is now disabling!
[17:47:27] [Server thread/INFO]: [StaffPlus] Staff++ disabled!
[17:47:27] [Server thread/INFO]: [AuthMe] Disabling AuthMe v5.6.0-beta2-b2453
[17:47:27] [Server thread/INFO]: [AuthMe] Waiting for 0 tasks to finish
[17:47:27] [Server thread/INFO]: [AuthMe] AuthMe 5.6.0-beta2-b2453 disabled!
[17:47:27] [Server thread/INFO]: [PlasmoVoice] Disabling PlasmoVoice v1.0.10
[17:47:27] [Server thread/INFO]: [Essentials] Disabling Essentials v2.19.5-dev+23-6816eb4
[17:47:27] [Server thread/INFO]: [SkinsRestorer] Disabling SkinsRestorer v14.2.1
[17:47:28] [Server thread/INFO]: [LuckPerms] Disabling LuckPerms v5.4.30
[17:47:28] [Server thread/INFO]: [LuckPerms] Starting shutdown process...
[17:47:28] [Server thread/INFO]: [LuckPerms] Closing storage...
[17:47:29] [Server thread/INFO]: [LuckPerms] Goodbye!
[17:47:29] [Server thread/INFO]: [ProtocolLib] Disabling ProtocolLib v4.8.0
[17:47:29] [Server thread/INFO]: [Multiverse-Core] Disabling Multiverse-Core v4.3.1-b861
[17:47:29] [Server thread/INFO]: [MyCommand] Disabling MyCommand v5.7.2
[17:47:29] [Server thread/INFO]: *-=-=-=-=-=-=-=-=-* MyCommand v.5.7.2*-=-=-=-=-=-=-=-=-=-*
[17:47:29] [Server thread/INFO]: | Tasks : Stopped all tasks.
[17:47:29] [Server thread/INFO]: *-=-=-=-=-=-=-=-=-=-*    Bye!   *-=-=-=-=-=-=-=-=-=-=-*
[17:47:29] [Server thread/INFO]: [emotecraft] Disabling emotecraft v2.1-SNAPSHOT-build.9
[17:47:29] [Server thread/INFO]: [ChatEmojis] Disabling ChatEmojis v2.3.0
[17:47:29] [Server thread/INFO]: [ViaVersion] Disabling ViaVersion v4.3.1
[17:47:29] [Server thread/INFO]: [ViaVersion] ViaVersion is disabling, if this is a reload and you experience issues consider rebooting.
[17:47:29] [Server thread/INFO]: [PerWorldInventory] Disabling PerWorldInventory v2.3.2
[17:47:29] [Server thread/INFO]: [PlaceholderAPI] Disabling PlaceholderAPI v2.11.2
[17:47:29] [Server thread/INFO]: [SimpleLay] Disabling SimpleLay v1.1.1
[17:47:29] [Server thread/INFO]: [CoreProtect] Disabling CoreProtect v20.1
[17:47:29] [Server thread/INFO]: [CoreProtect] Finishing up data logging. Please wait...
[17:47:30] [Server thread/INFO]: [CoreProtect] Success! Disabled CoreProtect v20.1
[17:47:30] [Server thread/INFO]: Saving players
[17:47:30] [Server thread/INFO]: Saving worlds
[17:47:30] [Server thread/INFO]: Saving chunks for level 'ServerLevel[world]'/minecraft:overworld
[17:47:33] [Server thread/INFO]: ThreadedAnvilChunkStorage (world): All chunks are saved
[17:47:33] [Server thread/INFO]: Saving chunks for level 'ServerLevel[world_nether]'/minecraft:the_nether
[17:47:33] [Server thread/INFO]: ThreadedAnvilChunkStorage (DIM-1): All chunks are saved
[17:47:33] [Server thread/INFO]: Saving chunks for level 'ServerLevel[world_the_end]'/minecraft:the_end
[17:47:33] [Server thread/INFO]: ThreadedAnvilChunkStorage (DIM1): All chunks are saved
[17:47:33] [Server thread/INFO]: Saving chunks for level 'ServerLevel[admin]'/minecraft:admin
[17:47:33] [Server thread/INFO]: ThreadedAnvilChunkStorage (admin): All chunks are saved
[17:47:33] [Server thread/INFO]: ThreadedAnvilChunkStorage (world): All chunks are saved
[17:47:37] [Server thread/INFO]: ThreadedAnvilChunkStorage (DIM-1): All chunks are saved
[17:47:38] [Server thread/INFO]: ThreadedAnvilChunkStorage (DIM1): All chunks are saved
[17:47:38] [Server thread/INFO]: ThreadedAnvilChunkStorage (admin): All chunks are saved
[17:47:39] [Server thread/INFO]: Flushing Chunk IO
[17:47:39] [Server thread/INFO]: Closing Thread Pool
[17:47:39] [Server thread/INFO]: Closing Server
